mode: set
Projects/GoLang-Interns-2022/threeLayer/datastore/author/author.go:15.34,19.2 1 1
Projects/GoLang-Interns-2022/threeLayer/datastore/author/author.go:21.89,23.16 2 1
Projects/GoLang-Interns-2022/threeLayer/datastore/author/author.go:27.2,28.16 2 1
Projects/GoLang-Interns-2022/threeLayer/datastore/author/author.go:32.2,32.21 1 1
Projects/GoLang-Interns-2022/threeLayer/datastore/author/author.go:23.16,25.3 1 1
Projects/GoLang-Interns-2022/threeLayer/datastore/author/author.go:28.16,30.3 1 1
Projects/GoLang-Interns-2022/threeLayer/datastore/author/author.go:36.106,38.16 2 1
Projects/GoLang-Interns-2022/threeLayer/datastore/author/author.go:42.2,42.20 1 1
Projects/GoLang-Interns-2022/threeLayer/datastore/author/author.go:38.16,40.3 1 1
Projects/GoLang-Interns-2022/threeLayer/datastore/author/author.go:45.77,47.16 2 1
Projects/GoLang-Interns-2022/threeLayer/datastore/author/author.go:51.2,52.16 2 1
Projects/GoLang-Interns-2022/threeLayer/datastore/author/author.go:56.2,56.27 1 1
Projects/GoLang-Interns-2022/threeLayer/datastore/author/author.go:47.16,49.3 1 1
Projects/GoLang-Interns-2022/threeLayer/datastore/author/author.go:52.16,54.3 1 1
Projects/GoLang-Interns-2022/threeLayer/datastore/author/author.go:59.88,61.16 2 1
Projects/GoLang-Interns-2022/threeLayer/datastore/author/author.go:65.2,67.22 2 1
Projects/GoLang-Interns-2022/threeLayer/datastore/author/author.go:74.2,74.20 1 1
Projects/GoLang-Interns-2022/threeLayer/datastore/author/author.go:61.16,63.3 1 1
Projects/GoLang-Interns-2022/threeLayer/datastore/author/author.go:67.22,69.17 2 1
Projects/GoLang-Interns-2022/threeLayer/datastore/author/author.go:69.17,71.4 1 1
Projects/GoLang-Interns-2022/threeLayer/datastore/author/author.go:77.82,79.31 2 1
Projects/GoLang-Interns-2022/threeLayer/datastore/author/author.go:83.2,83.13 1 1
Projects/GoLang-Interns-2022/threeLayer/datastore/author/author.go:79.31,81.3 1 1
Projects/GoLang-Interns-2022/threeLayer/datastore/author/author.go:86.72,88.31 2 1
Projects/GoLang-Interns-2022/threeLayer/datastore/author/author.go:92.2,92.13 1 1
Projects/GoLang-Interns-2022/threeLayer/datastore/author/author.go:88.31,90.3 1 1
