mode: set
Projects/GoLang-Interns-2022/threeLayer/service/author/author.go:14.70,16.2 1 1
Projects/GoLang-Interns-2022/threeLayer/service/author/author.go:18.70,19.29 1 1
Projects/GoLang-Interns-2022/threeLayer/service/author/author.go:23.2,24.35 2 1
Projects/GoLang-Interns-2022/threeLayer/service/author/author.go:28.2,28.24 1 1
Projects/GoLang-Interns-2022/threeLayer/service/author/author.go:19.29,21.3 1 1
Projects/GoLang-Interns-2022/threeLayer/service/author/author.go:24.35,26.3 1 1
Projects/GoLang-Interns-2022/threeLayer/service/author/author.go:31.79,34.47 2 1
Projects/GoLang-Interns-2022/threeLayer/service/author/author.go:38.2,39.16 2 1
Projects/GoLang-Interns-2022/threeLayer/service/author/author.go:43.2,43.20 1 1
Projects/GoLang-Interns-2022/threeLayer/service/author/author.go:34.47,36.3 1 1
Projects/GoLang-Interns-2022/threeLayer/service/author/author.go:39.16,41.3 1 1
Projects/GoLang-Interns-2022/threeLayer/service/author/author.go:46.58,47.13 1 1
Projects/GoLang-Interns-2022/threeLayer/service/author/author.go:51.2,52.16 2 1
Projects/GoLang-Interns-2022/threeLayer/service/author/author.go:56.2,57.16 2 1
Projects/GoLang-Interns-2022/threeLayer/service/author/author.go:61.2,61.16 1 1
Projects/GoLang-Interns-2022/threeLayer/service/author/author.go:47.13,49.3 1 1
Projects/GoLang-Interns-2022/threeLayer/service/author/author.go:52.16,54.3 1 1
Projects/GoLang-Interns-2022/threeLayer/service/author/author.go:57.16,59.3 1 1
Projects/GoLang-Interns-2022/threeLayer/service/author/author.go:64.48,65.97 1 1
Projects/GoLang-Interns-2022/threeLayer/service/author/author.go:69.2,69.13 1 1
Projects/GoLang-Interns-2022/threeLayer/service/author/author.go:65.97,67.3 1 1
