mode: set
Projects/GoLang-Interns-2022/threeLayer/service/author/author.go:16.70,18.2 1 1
Projects/GoLang-Interns-2022/threeLayer/service/author/author.go:20.91,21.44 1 1
Projects/GoLang-Interns-2022/threeLayer/service/author/author.go:25.2,26.16 2 1
Projects/GoLang-Interns-2022/threeLayer/service/author/author.go:30.2,30.24 1 1
Projects/GoLang-Interns-2022/threeLayer/service/author/author.go:21.44,23.3 1 1
Projects/GoLang-Interns-2022/threeLayer/service/author/author.go:26.16,28.3 1 1
Projects/GoLang-Interns-2022/threeLayer/service/author/author.go:33.108,34.45 1 1
Projects/GoLang-Interns-2022/threeLayer/service/author/author.go:38.2,39.16 2 1
Projects/GoLang-Interns-2022/threeLayer/service/author/author.go:43.2,43.20 1 1
Projects/GoLang-Interns-2022/threeLayer/service/author/author.go:34.45,36.3 1 1
Projects/GoLang-Interns-2022/threeLayer/service/author/author.go:39.16,41.3 1 1
Projects/GoLang-Interns-2022/threeLayer/service/author/author.go:46.79,47.45 1 1
Projects/GoLang-Interns-2022/threeLayer/service/author/author.go:51.2,52.16 2 1
Projects/GoLang-Interns-2022/threeLayer/service/author/author.go:56.2,57.16 2 1
Projects/GoLang-Interns-2022/threeLayer/service/author/author.go:61.2,61.16 1 1
Projects/GoLang-Interns-2022/threeLayer/service/author/author.go:47.45,49.3 1 1
Projects/GoLang-Interns-2022/threeLayer/service/author/author.go:52.16,54.3 1 1
Projects/GoLang-Interns-2022/threeLayer/service/author/author.go:57.16,59.3 1 1
