mode: set
Projects/GoLang-Interns-2022/threeLayer/handler/book/book.go:25.38,29.2 1 1
Projects/GoLang-Interns-2022/threeLayer/handler/book/book.go:32.76,38.16 5 1
Projects/GoLang-Interns-2022/threeLayer/handler/book/book.go:43.2,44.16 2 1
Projects/GoLang-Interns-2022/threeLayer/handler/book/book.go:38.16,41.3 2 1
Projects/GoLang-Interns-2022/threeLayer/handler/book/book.go:44.16,46.3 1 0
Projects/GoLang-Interns-2022/threeLayer/handler/book/book.go:50.76,54.27 3 1
Projects/GoLang-Interns-2022/threeLayer/handler/book/book.go:59.2,64.16 4 1
Projects/GoLang-Interns-2022/threeLayer/handler/book/book.go:69.2,70.16 2 1
Projects/GoLang-Interns-2022/threeLayer/handler/book/book.go:54.27,57.3 2 1
Projects/GoLang-Interns-2022/threeLayer/handler/book/book.go:64.16,67.3 2 1
Projects/GoLang-Interns-2022/threeLayer/handler/book/book.go:70.16,72.3 1 0
Projects/GoLang-Interns-2022/threeLayer/handler/book/book.go:76.73,80.16 3 1
Projects/GoLang-Interns-2022/threeLayer/handler/book/book.go:85.2,86.16 2 1
Projects/GoLang-Interns-2022/threeLayer/handler/book/book.go:91.2,91.26 1 1
Projects/GoLang-Interns-2022/threeLayer/handler/book/book.go:96.2,99.16 3 1
Projects/GoLang-Interns-2022/threeLayer/handler/book/book.go:104.2,104.35 1 1
Projects/GoLang-Interns-2022/threeLayer/handler/book/book.go:80.16,83.3 2 0
Projects/GoLang-Interns-2022/threeLayer/handler/book/book.go:86.16,89.3 2 1
Projects/GoLang-Interns-2022/threeLayer/handler/book/book.go:91.26,94.3 2 1
Projects/GoLang-Interns-2022/threeLayer/handler/book/book.go:99.16,102.3 2 1
Projects/GoLang-Interns-2022/threeLayer/handler/book/book.go:108.72,112.27 3 1
Projects/GoLang-Interns-2022/threeLayer/handler/book/book.go:117.2,120.16 3 1
Projects/GoLang-Interns-2022/threeLayer/handler/book/book.go:125.2,126.16 2 1
Projects/GoLang-Interns-2022/threeLayer/handler/book/book.go:131.2,131.58 1 1
Projects/GoLang-Interns-2022/threeLayer/handler/book/book.go:136.2,139.16 3 1
Projects/GoLang-Interns-2022/threeLayer/handler/book/book.go:144.2,145.16 2 1
Projects/GoLang-Interns-2022/threeLayer/handler/book/book.go:149.2,149.36 1 1
Projects/GoLang-Interns-2022/threeLayer/handler/book/book.go:112.27,115.3 2 1
Projects/GoLang-Interns-2022/threeLayer/handler/book/book.go:120.16,123.3 2 0
Projects/GoLang-Interns-2022/threeLayer/handler/book/book.go:126.16,129.3 2 1
Projects/GoLang-Interns-2022/threeLayer/handler/book/book.go:131.58,134.3 2 1
Projects/GoLang-Interns-2022/threeLayer/handler/book/book.go:139.16,142.3 2 1
Projects/GoLang-Interns-2022/threeLayer/handler/book/book.go:145.16,147.3 1 0
Projects/GoLang-Interns-2022/threeLayer/handler/book/book.go:153.75,157.27 3 1
Projects/GoLang-Interns-2022/threeLayer/handler/book/book.go:162.2,165.16 3 1
Projects/GoLang-Interns-2022/threeLayer/handler/book/book.go:170.2,170.37 1 1
Projects/GoLang-Interns-2022/threeLayer/handler/book/book.go:157.27,160.3 2 1
Projects/GoLang-Interns-2022/threeLayer/handler/book/book.go:165.16,168.3 2 1
Projects/GoLang-Interns-2022/threeLayer/handler/book/book.go:174.40,178.9 3 1
Projects/GoLang-Interns-2022/threeLayer/handler/book/book.go:179.98,180.15 1 1
Projects/GoLang-Interns-2022/threeLayer/handler/book/book.go:181.21,182.15 1 1
Projects/GoLang-Interns-2022/threeLayer/handler/book/book.go:183.43,184.15 1 1
Projects/GoLang-Interns-2022/threeLayer/handler/book/book.go:185.21,186.15 1 1
Projects/GoLang-Interns-2022/threeLayer/handler/book/book.go:187.10,188.14 1 1
Projects/GoLang-Interns-2022/threeLayer/handler/book/book.go:193.48,194.97 1 1
Projects/GoLang-Interns-2022/threeLayer/handler/book/book.go:198.2,198.13 1 1
Projects/GoLang-Interns-2022/threeLayer/handler/book/book.go:194.97,196.3 1 1
Projects/GoLang-Interns-2022/threeLayer/handler/author/author.go:21.47,23.2 1 1
Projects/GoLang-Interns-2022/threeLayer/handler/author/author.go:26.77,28.16 2 1
Projects/GoLang-Interns-2022/threeLayer/handler/author/author.go:33.2,36.16 3 1
Projects/GoLang-Interns-2022/threeLayer/handler/author/author.go:41.2,41.29 1 1
Projects/GoLang-Interns-2022/threeLayer/handler/author/author.go:46.2,49.16 3 1
Projects/GoLang-Interns-2022/threeLayer/handler/author/author.go:54.2,54.35 1 1
Projects/GoLang-Interns-2022/threeLayer/handler/author/author.go:28.16,31.3 2 0
Projects/GoLang-Interns-2022/threeLayer/handler/author/author.go:36.16,39.3 2 1
Projects/GoLang-Interns-2022/threeLayer/handler/author/author.go:41.29,44.3 2 1
Projects/GoLang-Interns-2022/threeLayer/handler/author/author.go:49.16,52.3 2 1
Projects/GoLang-Interns-2022/threeLayer/handler/author/author.go:58.76,64.27 4 1
Projects/GoLang-Interns-2022/threeLayer/handler/author/author.go:69.2,72.16 3 1
Projects/GoLang-Interns-2022/threeLayer/handler/author/author.go:77.2,77.29 1 1
Projects/GoLang-Interns-2022/threeLayer/handler/author/author.go:82.2,85.16 3 1
Projects/GoLang-Interns-2022/threeLayer/handler/author/author.go:90.2,91.16 2 1
Projects/GoLang-Interns-2022/threeLayer/handler/author/author.go:64.27,67.3 2 1
Projects/GoLang-Interns-2022/threeLayer/handler/author/author.go:72.16,75.3 2 1
Projects/GoLang-Interns-2022/threeLayer/handler/author/author.go:77.29,80.3 2 1
Projects/GoLang-Interns-2022/threeLayer/handler/author/author.go:85.16,88.3 2 1
Projects/GoLang-Interns-2022/threeLayer/handler/author/author.go:91.16,93.3 1 0
Projects/GoLang-Interns-2022/threeLayer/handler/author/author.go:97.79,101.27 3 1
Projects/GoLang-Interns-2022/threeLayer/handler/author/author.go:106.2,109.16 3 1
Projects/GoLang-Interns-2022/threeLayer/handler/author/author.go:114.2,114.37 1 1
Projects/GoLang-Interns-2022/threeLayer/handler/author/author.go:101.27,104.3 2 1
Projects/GoLang-Interns-2022/threeLayer/handler/author/author.go:109.16,112.3 2 1
Projects/GoLang-Interns-2022/threeLayer/handler/author/author.go:117.48,118.97 1 1
Projects/GoLang-Interns-2022/threeLayer/handler/author/author.go:122.2,122.13 1 1
Projects/GoLang-Interns-2022/threeLayer/handler/author/author.go:118.97,120.3 1 1
