mode: set
Projects/GoLang-Interns-2022/threeLayer/handler/author/author.go:20.47,22.2 1 1
Projects/GoLang-Interns-2022/threeLayer/handler/author/author.go:24.77,26.16 2 1
Projects/GoLang-Interns-2022/threeLayer/handler/author/author.go:31.2,34.16 3 1
Projects/GoLang-Interns-2022/threeLayer/handler/author/author.go:39.2,39.29 1 1
Projects/GoLang-Interns-2022/threeLayer/handler/author/author.go:44.2,47.16 3 1
Projects/GoLang-Interns-2022/threeLayer/handler/author/author.go:52.2,52.35 1 1
Projects/GoLang-Interns-2022/threeLayer/handler/author/author.go:26.16,29.3 2 0
Projects/GoLang-Interns-2022/threeLayer/handler/author/author.go:34.16,37.3 2 1
Projects/GoLang-Interns-2022/threeLayer/handler/author/author.go:39.29,42.3 2 1
Projects/GoLang-Interns-2022/threeLayer/handler/author/author.go:47.16,50.3 2 1
Projects/GoLang-Interns-2022/threeLayer/handler/author/author.go:55.76,61.27 4 1
Projects/GoLang-Interns-2022/threeLayer/handler/author/author.go:66.2,69.16 3 1
Projects/GoLang-Interns-2022/threeLayer/handler/author/author.go:74.2,74.29 1 1
Projects/GoLang-Interns-2022/threeLayer/handler/author/author.go:79.2,82.16 3 1
Projects/GoLang-Interns-2022/threeLayer/handler/author/author.go:87.2,88.16 2 1
Projects/GoLang-Interns-2022/threeLayer/handler/author/author.go:93.2,96.16 3 1
Projects/GoLang-Interns-2022/threeLayer/handler/author/author.go:61.27,64.3 2 1
Projects/GoLang-Interns-2022/threeLayer/handler/author/author.go:69.16,72.3 2 1
Projects/GoLang-Interns-2022/threeLayer/handler/author/author.go:74.29,77.3 2 1
Projects/GoLang-Interns-2022/threeLayer/handler/author/author.go:82.16,85.3 2 1
Projects/GoLang-Interns-2022/threeLayer/handler/author/author.go:88.16,91.3 2 0
Projects/GoLang-Interns-2022/threeLayer/handler/author/author.go:96.16,98.3 1 0
Projects/GoLang-Interns-2022/threeLayer/handler/author/author.go:101.79,105.27 3 1
Projects/GoLang-Interns-2022/threeLayer/handler/author/author.go:110.2,113.16 3 1
Projects/GoLang-Interns-2022/threeLayer/handler/author/author.go:118.2,118.37 1 1
Projects/GoLang-Interns-2022/threeLayer/handler/author/author.go:105.27,108.3 2 1
Projects/GoLang-Interns-2022/threeLayer/handler/author/author.go:113.16,116.3 2 1
Projects/GoLang-Interns-2022/threeLayer/handler/author/author.go:121.48,122.97 1 1
Projects/GoLang-Interns-2022/threeLayer/handler/author/author.go:126.2,126.13 1 1
Projects/GoLang-Interns-2022/threeLayer/handler/author/author.go:122.97,124.3 1 1
Projects/GoLang-Interns-2022/threeLayer/handler/book/book.go:21.38,25.2 1 1
Projects/GoLang-Interns-2022/threeLayer/handler/book/book.go:30.76,39.16 7 1
Projects/GoLang-Interns-2022/threeLayer/handler/book/book.go:44.2,45.16 2 0
Projects/GoLang-Interns-2022/threeLayer/handler/book/book.go:50.2,51.16 2 0
Projects/GoLang-Interns-2022/threeLayer/handler/book/book.go:39.16,42.3 2 0
Projects/GoLang-Interns-2022/threeLayer/handler/book/book.go:45.16,48.3 2 0
Projects/GoLang-Interns-2022/threeLayer/handler/book/book.go:51.16,54.3 2 0
Projects/GoLang-Interns-2022/threeLayer/handler/book/book.go:57.76,61.27 3 1
Projects/GoLang-Interns-2022/threeLayer/handler/book/book.go:66.2,71.16 4 1
Projects/GoLang-Interns-2022/threeLayer/handler/book/book.go:76.2,77.16 2 1
Projects/GoLang-Interns-2022/threeLayer/handler/book/book.go:61.27,64.3 2 1
Projects/GoLang-Interns-2022/threeLayer/handler/book/book.go:71.16,74.3 2 1
Projects/GoLang-Interns-2022/threeLayer/handler/book/book.go:77.16,79.3 1 0
Projects/GoLang-Interns-2022/threeLayer/handler/book/book.go:82.73,86.16 3 1
Projects/GoLang-Interns-2022/threeLayer/handler/book/book.go:91.2,92.16 2 1
Projects/GoLang-Interns-2022/threeLayer/handler/book/book.go:97.2,97.26 1 1
Projects/GoLang-Interns-2022/threeLayer/handler/book/book.go:102.2,105.16 3 1
Projects/GoLang-Interns-2022/threeLayer/handler/book/book.go:110.2,110.35 1 1
Projects/GoLang-Interns-2022/threeLayer/handler/book/book.go:86.16,89.3 2 0
Projects/GoLang-Interns-2022/threeLayer/handler/book/book.go:92.16,95.3 2 1
Projects/GoLang-Interns-2022/threeLayer/handler/book/book.go:97.26,100.3 2 1
Projects/GoLang-Interns-2022/threeLayer/handler/book/book.go:105.16,108.3 2 1
Projects/GoLang-Interns-2022/threeLayer/handler/book/book.go:113.72,117.27 3 1
Projects/GoLang-Interns-2022/threeLayer/handler/book/book.go:122.2,125.16 3 1
Projects/GoLang-Interns-2022/threeLayer/handler/book/book.go:130.2,131.16 2 1
Projects/GoLang-Interns-2022/threeLayer/handler/book/book.go:136.2,136.58 1 1
Projects/GoLang-Interns-2022/threeLayer/handler/book/book.go:141.2,144.16 3 1
Projects/GoLang-Interns-2022/threeLayer/handler/book/book.go:149.2,150.16 2 1
Projects/GoLang-Interns-2022/threeLayer/handler/book/book.go:154.2,154.36 1 1
Projects/GoLang-Interns-2022/threeLayer/handler/book/book.go:117.27,120.3 2 1
Projects/GoLang-Interns-2022/threeLayer/handler/book/book.go:125.16,128.3 2 0
Projects/GoLang-Interns-2022/threeLayer/handler/book/book.go:131.16,134.3 2 1
Projects/GoLang-Interns-2022/threeLayer/handler/book/book.go:136.58,139.3 2 1
Projects/GoLang-Interns-2022/threeLayer/handler/book/book.go:144.16,147.3 2 1
Projects/GoLang-Interns-2022/threeLayer/handler/book/book.go:150.16,152.3 1 0
Projects/GoLang-Interns-2022/threeLayer/handler/book/book.go:157.75,161.27 3 1
Projects/GoLang-Interns-2022/threeLayer/handler/book/book.go:166.2,169.16 3 1
Projects/GoLang-Interns-2022/threeLayer/handler/book/book.go:174.2,174.37 1 1
Projects/GoLang-Interns-2022/threeLayer/handler/book/book.go:161.27,164.3 2 1
Projects/GoLang-Interns-2022/threeLayer/handler/book/book.go:169.16,172.3 2 1
Projects/GoLang-Interns-2022/threeLayer/handler/book/book.go:177.40,181.9 3 1
Projects/GoLang-Interns-2022/threeLayer/handler/book/book.go:182.98,183.15 1 1
Projects/GoLang-Interns-2022/threeLayer/handler/book/book.go:184.21,185.15 1 1
Projects/GoLang-Interns-2022/threeLayer/handler/book/book.go:186.43,187.15 1 1
Projects/GoLang-Interns-2022/threeLayer/handler/book/book.go:188.21,189.15 1 1
Projects/GoLang-Interns-2022/threeLayer/handler/book/book.go:190.10,191.14 1 1
Projects/GoLang-Interns-2022/threeLayer/handler/book/book.go:195.48,196.97 1 1
Projects/GoLang-Interns-2022/threeLayer/handler/book/book.go:200.2,200.13 1 1
Projects/GoLang-Interns-2022/threeLayer/handler/book/book.go:196.97,198.3 1 1
Projects/GoLang-Interns-2022/threeLayer/handler/book/book.go:203.62,205.16 2 1
Projects/GoLang-Interns-2022/threeLayer/handler/book/book.go:210.2,211.16 2 1
Projects/GoLang-Interns-2022/threeLayer/handler/book/book.go:216.2,216.12 1 1
Projects/GoLang-Interns-2022/threeLayer/handler/book/book.go:205.16,208.3 2 0
Projects/GoLang-Interns-2022/threeLayer/handler/book/book.go:211.16,214.3 2 0
