mode: set
Projects/GoLang-Interns-2022/threeLayer/service/book/book.go:16.73,18.2 1 1
Projects/GoLang-Interns-2022/threeLayer/service/book/book.go:20.78,27.16 5 1
Projects/GoLang-Interns-2022/threeLayer/service/book/book.go:31.2,31.35 1 1
Projects/GoLang-Interns-2022/threeLayer/service/book/book.go:44.2,44.20 1 1
Projects/GoLang-Interns-2022/threeLayer/service/book/book.go:27.16,29.3 1 0
Projects/GoLang-Interns-2022/threeLayer/service/book/book.go:31.35,34.30 2 1
Projects/GoLang-Interns-2022/threeLayer/service/book/book.go:41.3,41.28 1 1
Projects/GoLang-Interns-2022/threeLayer/service/book/book.go:34.30,36.18 2 1
Projects/GoLang-Interns-2022/threeLayer/service/book/book.go:36.18,38.5 1 0
Projects/GoLang-Interns-2022/threeLayer/service/book/book.go:47.59,52.13 3 1
Projects/GoLang-Interns-2022/threeLayer/service/book/book.go:56.2,57.41 2 1
Projects/GoLang-Interns-2022/threeLayer/service/book/book.go:61.2,62.16 2 1
Projects/GoLang-Interns-2022/threeLayer/service/book/book.go:66.2,66.20 1 1
Projects/GoLang-Interns-2022/threeLayer/service/book/book.go:52.13,54.3 1 1
Projects/GoLang-Interns-2022/threeLayer/service/book/book.go:57.41,59.3 1 0
Projects/GoLang-Interns-2022/threeLayer/service/book/book.go:62.16,64.3 1 0
Projects/GoLang-Interns-2022/threeLayer/service/book/book.go:69.63,70.57 1 1
Projects/GoLang-Interns-2022/threeLayer/service/book/book.go:74.2,75.16 2 1
Projects/GoLang-Interns-2022/threeLayer/service/book/book.go:79.2,80.16 2 1
Projects/GoLang-Interns-2022/threeLayer/service/book/book.go:84.2,84.24 1 1
Projects/GoLang-Interns-2022/threeLayer/service/book/book.go:70.57,72.3 1 1
Projects/GoLang-Interns-2022/threeLayer/service/book/book.go:75.16,77.3 1 0
Projects/GoLang-Interns-2022/threeLayer/service/book/book.go:80.16,82.3 1 0
Projects/GoLang-Interns-2022/threeLayer/service/book/book.go:87.54,88.13 1 1
Projects/GoLang-Interns-2022/threeLayer/service/book/book.go:92.2,93.34 2 1
Projects/GoLang-Interns-2022/threeLayer/service/book/book.go:97.2,97.23 1 1
Projects/GoLang-Interns-2022/threeLayer/service/book/book.go:88.13,90.3 1 1
Projects/GoLang-Interns-2022/threeLayer/service/book/book.go:93.34,95.3 1 0
Projects/GoLang-Interns-2022/threeLayer/service/book/book.go:100.70,103.57 2 1
Projects/GoLang-Interns-2022/threeLayer/service/book/book.go:107.2,108.16 2 1
Projects/GoLang-Interns-2022/threeLayer/service/book/book.go:112.2,113.16 2 1
Projects/GoLang-Interns-2022/threeLayer/service/book/book.go:117.2,117.20 1 1
Projects/GoLang-Interns-2022/threeLayer/service/book/book.go:103.57,105.3 1 1
Projects/GoLang-Interns-2022/threeLayer/service/book/book.go:108.16,110.3 1 0
Projects/GoLang-Interns-2022/threeLayer/service/book/book.go:113.16,115.3 1 0
Projects/GoLang-Interns-2022/threeLayer/service/book/book.go:120.40,124.9 3 1
Projects/GoLang-Interns-2022/threeLayer/service/book/book.go:125.98,126.15 1 1
Projects/GoLang-Interns-2022/threeLayer/service/book/book.go:127.21,128.15 1 0
Projects/GoLang-Interns-2022/threeLayer/service/book/book.go:129.43,130.15 1 0
Projects/GoLang-Interns-2022/threeLayer/service/book/book.go:131.21,132.15 1 0
Projects/GoLang-Interns-2022/threeLayer/service/book/book.go:133.10,134.14 1 1
Projects/GoLang-Interns-2022/threeLayer/service/book/book.go:138.48,139.97 1 1
Projects/GoLang-Interns-2022/threeLayer/service/book/book.go:143.2,143.13 1 1
Projects/GoLang-Interns-2022/threeLayer/service/book/book.go:139.97,141.3 1 0
