mode: set
Projects/GoLang-Interns-2022/threeLayer/service/author/author.go:16.70,18.2 1 1
Projects/GoLang-Interns-2022/threeLayer/service/author/author.go:21.91,22.44 1 1
Projects/GoLang-Interns-2022/threeLayer/service/author/author.go:26.2,27.16 2 1
Projects/GoLang-Interns-2022/threeLayer/service/author/author.go:31.2,31.24 1 1
Projects/GoLang-Interns-2022/threeLayer/service/author/author.go:22.44,24.3 1 1
Projects/GoLang-Interns-2022/threeLayer/service/author/author.go:27.16,29.3 1 1
Projects/GoLang-Interns-2022/threeLayer/service/author/author.go:35.108,36.45 1 1
Projects/GoLang-Interns-2022/threeLayer/service/author/author.go:40.2,41.16 2 1
Projects/GoLang-Interns-2022/threeLayer/service/author/author.go:45.2,45.20 1 1
Projects/GoLang-Interns-2022/threeLayer/service/author/author.go:36.45,38.3 1 1
Projects/GoLang-Interns-2022/threeLayer/service/author/author.go:41.16,43.3 1 1
Projects/GoLang-Interns-2022/threeLayer/service/author/author.go:49.79,50.45 1 1
Projects/GoLang-Interns-2022/threeLayer/service/author/author.go:54.2,55.16 2 1
Projects/GoLang-Interns-2022/threeLayer/service/author/author.go:59.2,60.16 2 1
Projects/GoLang-Interns-2022/threeLayer/service/author/author.go:64.2,64.16 1 1
Projects/GoLang-Interns-2022/threeLayer/service/author/author.go:50.45,52.3 1 1
Projects/GoLang-Interns-2022/threeLayer/service/author/author.go:55.16,57.3 1 1
Projects/GoLang-Interns-2022/threeLayer/service/author/author.go:60.16,62.3 1 1
Projects/GoLang-Interns-2022/threeLayer/service/book/book.go:16.73,18.2 1 1
Projects/GoLang-Interns-2022/threeLayer/service/book/book.go:21.78,29.17 5 1
Projects/GoLang-Interns-2022/threeLayer/service/book/book.go:35.2,35.16 1 1
Projects/GoLang-Interns-2022/threeLayer/service/book/book.go:39.2,39.35 1 1
Projects/GoLang-Interns-2022/threeLayer/service/book/book.go:52.2,52.20 1 1
Projects/GoLang-Interns-2022/threeLayer/service/book/book.go:29.17,31.3 1 1
Projects/GoLang-Interns-2022/threeLayer/service/book/book.go:31.8,33.3 1 1
Projects/GoLang-Interns-2022/threeLayer/service/book/book.go:35.16,37.3 1 1
Projects/GoLang-Interns-2022/threeLayer/service/book/book.go:39.35,42.30 2 1
Projects/GoLang-Interns-2022/threeLayer/service/book/book.go:49.3,49.28 1 1
Projects/GoLang-Interns-2022/threeLayer/service/book/book.go:42.30,44.18 2 1
Projects/GoLang-Interns-2022/threeLayer/service/book/book.go:44.18,46.5 1 1
Projects/GoLang-Interns-2022/threeLayer/service/book/book.go:56.84,62.41 4 1
Projects/GoLang-Interns-2022/threeLayer/service/book/book.go:66.2,67.16 2 1
Projects/GoLang-Interns-2022/threeLayer/service/book/book.go:71.2,71.20 1 1
Projects/GoLang-Interns-2022/threeLayer/service/book/book.go:62.41,64.3 1 1
Projects/GoLang-Interns-2022/threeLayer/service/book/book.go:67.16,69.3 1 1
Projects/GoLang-Interns-2022/threeLayer/service/book/book.go:75.84,76.93 1 1
Projects/GoLang-Interns-2022/threeLayer/service/book/book.go:80.2,81.16 2 1
Projects/GoLang-Interns-2022/threeLayer/service/book/book.go:85.2,85.16 1 1
Projects/GoLang-Interns-2022/threeLayer/service/book/book.go:76.93,78.3 1 1
Projects/GoLang-Interns-2022/threeLayer/service/book/book.go:81.16,83.3 1 1
Projects/GoLang-Interns-2022/threeLayer/service/book/book.go:89.75,90.40 1 1
Projects/GoLang-Interns-2022/threeLayer/service/book/book.go:94.2,95.16 2 1
Projects/GoLang-Interns-2022/threeLayer/service/book/book.go:99.2,99.24 1 1
Projects/GoLang-Interns-2022/threeLayer/service/book/book.go:90.40,92.3 1 1
Projects/GoLang-Interns-2022/threeLayer/service/book/book.go:95.16,97.3 1 1
Projects/GoLang-Interns-2022/threeLayer/service/book/book.go:103.99,106.95 2 1
Projects/GoLang-Interns-2022/threeLayer/service/book/book.go:110.2,111.16 2 1
Projects/GoLang-Interns-2022/threeLayer/service/book/book.go:115.2,118.16 3 1
Projects/GoLang-Interns-2022/threeLayer/service/book/book.go:122.2,122.20 1 1
Projects/GoLang-Interns-2022/threeLayer/service/book/book.go:106.95,108.3 1 1
Projects/GoLang-Interns-2022/threeLayer/service/book/book.go:111.16,113.3 1 1
Projects/GoLang-Interns-2022/threeLayer/service/book/book.go:118.16,120.3 1 1
