mode: set
Projects/GoLang-Interns-2022/threeLayer/service/book/book.go:16.73,18.2 1 1
Projects/GoLang-Interns-2022/threeLayer/service/book/book.go:20.78,27.16 5 1
Projects/GoLang-Interns-2022/threeLayer/service/book/book.go:31.2,31.35 1 1
Projects/GoLang-Interns-2022/threeLayer/service/book/book.go:44.2,44.20 1 1
Projects/GoLang-Interns-2022/threeLayer/service/book/book.go:27.16,29.3 1 1
Projects/GoLang-Interns-2022/threeLayer/service/book/book.go:31.35,34.30 2 1
Projects/GoLang-Interns-2022/threeLayer/service/book/book.go:41.3,41.28 1 1
Projects/GoLang-Interns-2022/threeLayer/service/book/book.go:34.30,36.18 2 1
Projects/GoLang-Interns-2022/threeLayer/service/book/book.go:36.18,38.5 1 0
Projects/GoLang-Interns-2022/threeLayer/service/book/book.go:47.59,52.13 3 1
Projects/GoLang-Interns-2022/threeLayer/service/book/book.go:56.2,57.41 2 1
Projects/GoLang-Interns-2022/threeLayer/service/book/book.go:61.2,62.16 2 1
Projects/GoLang-Interns-2022/threeLayer/service/book/book.go:66.2,66.20 1 1
Projects/GoLang-Interns-2022/threeLayer/service/book/book.go:52.13,54.3 1 1
Projects/GoLang-Interns-2022/threeLayer/service/book/book.go:57.41,59.3 1 1
Projects/GoLang-Interns-2022/threeLayer/service/book/book.go:62.16,64.3 1 1
Projects/GoLang-Interns-2022/threeLayer/service/book/book.go:69.63,70.57 1 1
Projects/GoLang-Interns-2022/threeLayer/service/book/book.go:74.2,75.35 2 1
Projects/GoLang-Interns-2022/threeLayer/service/book/book.go:79.2,82.16 3 1
Projects/GoLang-Interns-2022/threeLayer/service/book/book.go:86.2,86.24 1 1
Projects/GoLang-Interns-2022/threeLayer/service/book/book.go:70.57,72.3 1 1
Projects/GoLang-Interns-2022/threeLayer/service/book/book.go:75.35,77.3 1 1
Projects/GoLang-Interns-2022/threeLayer/service/book/book.go:82.16,84.3 1 1
Projects/GoLang-Interns-2022/threeLayer/service/book/book.go:89.54,90.13 1 1
Projects/GoLang-Interns-2022/threeLayer/service/book/book.go:94.2,95.34 2 1
Projects/GoLang-Interns-2022/threeLayer/service/book/book.go:99.2,99.23 1 1
Projects/GoLang-Interns-2022/threeLayer/service/book/book.go:90.13,92.3 1 1
Projects/GoLang-Interns-2022/threeLayer/service/book/book.go:95.34,97.3 1 0
Projects/GoLang-Interns-2022/threeLayer/service/book/book.go:102.70,105.57 2 1
Projects/GoLang-Interns-2022/threeLayer/service/book/book.go:109.2,110.16 2 1
Projects/GoLang-Interns-2022/threeLayer/service/book/book.go:114.2,115.16 2 1
Projects/GoLang-Interns-2022/threeLayer/service/book/book.go:119.2,119.20 1 1
Projects/GoLang-Interns-2022/threeLayer/service/book/book.go:105.57,107.3 1 1
Projects/GoLang-Interns-2022/threeLayer/service/book/book.go:110.16,112.3 1 0
Projects/GoLang-Interns-2022/threeLayer/service/book/book.go:115.16,117.3 1 0
Projects/GoLang-Interns-2022/threeLayer/service/book/book.go:122.40,126.9 3 1
Projects/GoLang-Interns-2022/threeLayer/service/book/book.go:127.98,128.15 1 1
Projects/GoLang-Interns-2022/threeLayer/service/book/book.go:129.21,130.15 1 0
Projects/GoLang-Interns-2022/threeLayer/service/book/book.go:131.43,132.15 1 0
Projects/GoLang-Interns-2022/threeLayer/service/book/book.go:133.21,134.15 1 0
Projects/GoLang-Interns-2022/threeLayer/service/book/book.go:135.10,136.14 1 1
Projects/GoLang-Interns-2022/threeLayer/service/book/book.go:140.48,141.97 1 1
Projects/GoLang-Interns-2022/threeLayer/service/book/book.go:145.2,145.13 1 1
Projects/GoLang-Interns-2022/threeLayer/service/book/book.go:141.97,143.3 1 0
