mode: set
Projects/GoLang-Interns-2022/threeLayer/handler/author/author.go:20.47,22.2 1 1
Projects/GoLang-Interns-2022/threeLayer/handler/author/author.go:24.77,26.16 2 1
Projects/GoLang-Interns-2022/threeLayer/handler/author/author.go:31.2,34.16 3 1
Projects/GoLang-Interns-2022/threeLayer/handler/author/author.go:39.2,39.29 1 1
Projects/GoLang-Interns-2022/threeLayer/handler/author/author.go:44.2,47.16 3 1
Projects/GoLang-Interns-2022/threeLayer/handler/author/author.go:52.2,52.35 1 1
Projects/GoLang-Interns-2022/threeLayer/handler/author/author.go:26.16,29.3 2 0
Projects/GoLang-Interns-2022/threeLayer/handler/author/author.go:34.16,37.3 2 1
Projects/GoLang-Interns-2022/threeLayer/handler/author/author.go:39.29,42.3 2 1
Projects/GoLang-Interns-2022/threeLayer/handler/author/author.go:47.16,50.3 2 1
Projects/GoLang-Interns-2022/threeLayer/handler/author/author.go:55.76,61.27 4 1
Projects/GoLang-Interns-2022/threeLayer/handler/author/author.go:66.2,69.16 3 1
Projects/GoLang-Interns-2022/threeLayer/handler/author/author.go:74.2,74.29 1 1
Projects/GoLang-Interns-2022/threeLayer/handler/author/author.go:79.2,82.16 3 1
Projects/GoLang-Interns-2022/threeLayer/handler/author/author.go:87.2,88.16 2 1
Projects/GoLang-Interns-2022/threeLayer/handler/author/author.go:93.2,96.16 3 1
Projects/GoLang-Interns-2022/threeLayer/handler/author/author.go:61.27,64.3 2 1
Projects/GoLang-Interns-2022/threeLayer/handler/author/author.go:69.16,72.3 2 1
Projects/GoLang-Interns-2022/threeLayer/handler/author/author.go:74.29,77.3 2 1
Projects/GoLang-Interns-2022/threeLayer/handler/author/author.go:82.16,85.3 2 1
Projects/GoLang-Interns-2022/threeLayer/handler/author/author.go:88.16,91.3 2 0
Projects/GoLang-Interns-2022/threeLayer/handler/author/author.go:96.16,98.3 1 0
Projects/GoLang-Interns-2022/threeLayer/handler/author/author.go:101.79,105.27 3 1
Projects/GoLang-Interns-2022/threeLayer/handler/author/author.go:110.2,113.16 3 1
Projects/GoLang-Interns-2022/threeLayer/handler/author/author.go:118.2,118.37 1 1
Projects/GoLang-Interns-2022/threeLayer/handler/author/author.go:105.27,108.3 2 1
Projects/GoLang-Interns-2022/threeLayer/handler/author/author.go:113.16,116.3 2 1
Projects/GoLang-Interns-2022/threeLayer/handler/author/author.go:121.48,122.97 1 1
Projects/GoLang-Interns-2022/threeLayer/handler/author/author.go:126.2,126.13 1 1
Projects/GoLang-Interns-2022/threeLayer/handler/author/author.go:122.97,124.3 1 1
Projects/GoLang-Interns-2022/threeLayer/datastore/author/author.go:15.34,19.2 1 1
Projects/GoLang-Interns-2022/threeLayer/datastore/author/author.go:21.89,23.16 2 1
Projects/GoLang-Interns-2022/threeLayer/datastore/author/author.go:27.2,28.16 2 1
Projects/GoLang-Interns-2022/threeLayer/datastore/author/author.go:32.2,32.21 1 1
Projects/GoLang-Interns-2022/threeLayer/datastore/author/author.go:23.16,25.3 1 1
Projects/GoLang-Interns-2022/threeLayer/datastore/author/author.go:28.16,30.3 1 1
Projects/GoLang-Interns-2022/threeLayer/datastore/author/author.go:36.106,38.16 2 1
Projects/GoLang-Interns-2022/threeLayer/datastore/author/author.go:42.2,42.20 1 1
Projects/GoLang-Interns-2022/threeLayer/datastore/author/author.go:38.16,40.3 1 1
Projects/GoLang-Interns-2022/threeLayer/datastore/author/author.go:45.77,47.16 2 1
Projects/GoLang-Interns-2022/threeLayer/datastore/author/author.go:51.2,52.16 2 1
Projects/GoLang-Interns-2022/threeLayer/datastore/author/author.go:56.2,56.27 1 1
Projects/GoLang-Interns-2022/threeLayer/datastore/author/author.go:47.16,49.3 1 1
Projects/GoLang-Interns-2022/threeLayer/datastore/author/author.go:52.16,54.3 1 1
Projects/GoLang-Interns-2022/threeLayer/datastore/author/author.go:59.88,61.16 2 1
Projects/GoLang-Interns-2022/threeLayer/datastore/author/author.go:65.2,67.22 2 1
Projects/GoLang-Interns-2022/threeLayer/datastore/author/author.go:74.2,74.20 1 1
Projects/GoLang-Interns-2022/threeLayer/datastore/author/author.go:61.16,63.3 1 1
Projects/GoLang-Interns-2022/threeLayer/datastore/author/author.go:67.22,69.17 2 1
Projects/GoLang-Interns-2022/threeLayer/datastore/author/author.go:69.17,71.4 1 1
Projects/GoLang-Interns-2022/threeLayer/datastore/author/author.go:77.82,79.31 2 1
Projects/GoLang-Interns-2022/threeLayer/datastore/author/author.go:83.2,83.13 1 1
Projects/GoLang-Interns-2022/threeLayer/datastore/author/author.go:79.31,81.3 1 1
Projects/GoLang-Interns-2022/threeLayer/datastore/author/author.go:86.72,88.31 2 1
Projects/GoLang-Interns-2022/threeLayer/datastore/author/author.go:92.2,92.13 1 1
Projects/GoLang-Interns-2022/threeLayer/datastore/author/author.go:88.31,90.3 1 1
Projects/GoLang-Interns-2022/threeLayer/datastore/book/book.go:16.32,18.2 1 1
Projects/GoLang-Interns-2022/threeLayer/datastore/book/book.go:20.97,24.16 3 1
Projects/GoLang-Interns-2022/threeLayer/datastore/book/book.go:28.2,28.20 1 1
Projects/GoLang-Interns-2022/threeLayer/datastore/book/book.go:39.2,39.20 1 1
Projects/GoLang-Interns-2022/threeLayer/datastore/book/book.go:24.16,26.3 1 1
Projects/GoLang-Interns-2022/threeLayer/datastore/book/book.go:28.20,32.17 3 1
Projects/GoLang-Interns-2022/threeLayer/datastore/book/book.go:36.3,36.32 1 1
Projects/GoLang-Interns-2022/threeLayer/datastore/book/book.go:32.17,34.4 1 1
Projects/GoLang-Interns-2022/threeLayer/datastore/book/book.go:41.76,45.16 3 1
Projects/GoLang-Interns-2022/threeLayer/datastore/book/book.go:49.2,49.20 1 1
Projects/GoLang-Interns-2022/threeLayer/datastore/book/book.go:60.2,60.20 1 1
Projects/GoLang-Interns-2022/threeLayer/datastore/book/book.go:45.16,47.3 1 1
Projects/GoLang-Interns-2022/threeLayer/datastore/book/book.go:49.20,53.17 3 1
Projects/GoLang-Interns-2022/threeLayer/datastore/book/book.go:57.3,57.32 1 1
Projects/GoLang-Interns-2022/threeLayer/datastore/book/book.go:53.17,55.4 1 1
Projects/GoLang-Interns-2022/threeLayer/datastore/book/book.go:63.82,67.16 3 1
Projects/GoLang-Interns-2022/threeLayer/datastore/book/book.go:71.2,71.19 1 1
Projects/GoLang-Interns-2022/threeLayer/datastore/book/book.go:82.2,82.44 1 1
Projects/GoLang-Interns-2022/threeLayer/datastore/book/book.go:67.16,69.3 1 1
Projects/GoLang-Interns-2022/threeLayer/datastore/book/book.go:71.19,75.17 3 1
Projects/GoLang-Interns-2022/threeLayer/datastore/book/book.go:79.3,79.16 1 1
Projects/GoLang-Interns-2022/threeLayer/datastore/book/book.go:75.17,77.4 1 1
Projects/GoLang-Interns-2022/threeLayer/datastore/book/book.go:85.82,87.16 2 1
Projects/GoLang-Interns-2022/threeLayer/datastore/book/book.go:91.2,92.16 2 1
Projects/GoLang-Interns-2022/threeLayer/datastore/book/book.go:96.2,96.21 1 1
Projects/GoLang-Interns-2022/threeLayer/datastore/book/book.go:87.16,89.3 1 1
Projects/GoLang-Interns-2022/threeLayer/datastore/book/book.go:92.16,94.3 1 1
Projects/GoLang-Interns-2022/threeLayer/datastore/book/book.go:99.73,101.16 2 1
Projects/GoLang-Interns-2022/threeLayer/datastore/book/book.go:105.2,106.16 2 1
Projects/GoLang-Interns-2022/threeLayer/datastore/book/book.go:110.2,110.20 1 1
Projects/GoLang-Interns-2022/threeLayer/datastore/book/book.go:101.16,103.3 1 1
Projects/GoLang-Interns-2022/threeLayer/datastore/book/book.go:106.16,108.3 1 1
Projects/GoLang-Interns-2022/threeLayer/datastore/book/book.go:113.97,115.16 2 1
Projects/GoLang-Interns-2022/threeLayer/datastore/book/book.go:119.2,119.19 1 1
Projects/GoLang-Interns-2022/threeLayer/datastore/book/book.go:115.16,117.3 1 1
Projects/GoLang-Interns-2022/threeLayer/datastore/book/book.go:122.76,124.16 2 1
Projects/GoLang-Interns-2022/threeLayer/datastore/book/book.go:128.2,128.12 1 1
Projects/GoLang-Interns-2022/threeLayer/datastore/book/book.go:124.16,126.3 1 1
Projects/GoLang-Interns-2022/threeLayer/datastore/book/book.go:131.75,133.34 2 1
Projects/GoLang-Interns-2022/threeLayer/datastore/book/book.go:137.2,137.13 1 1
Projects/GoLang-Interns-2022/threeLayer/datastore/book/book.go:133.34,135.3 1 1
Projects/GoLang-Interns-2022/threeLayer/datastore/book/book.go:140.67,142.31 2 1
Projects/GoLang-Interns-2022/threeLayer/datastore/book/book.go:146.2,146.13 1 1
Projects/GoLang-Interns-2022/threeLayer/datastore/book/book.go:142.31,144.3 1 1
Projects/GoLang-Interns-2022/threeLayer/handler/book/book.go:21.38,25.2 1 1
Projects/GoLang-Interns-2022/threeLayer/handler/book/book.go:27.76,33.16 5 1
Projects/GoLang-Interns-2022/threeLayer/handler/book/book.go:38.2,39.16 2 1
Projects/GoLang-Interns-2022/threeLayer/handler/book/book.go:44.2,45.16 2 1
Projects/GoLang-Interns-2022/threeLayer/handler/book/book.go:33.16,36.3 2 1
Projects/GoLang-Interns-2022/threeLayer/handler/book/book.go:39.16,42.3 2 0
Projects/GoLang-Interns-2022/threeLayer/handler/book/book.go:45.16,48.3 2 0
Projects/GoLang-Interns-2022/threeLayer/handler/book/book.go:51.76,55.27 3 1
Projects/GoLang-Interns-2022/threeLayer/handler/book/book.go:60.2,65.16 4 1
Projects/GoLang-Interns-2022/threeLayer/handler/book/book.go:69.2,70.16 2 1
Projects/GoLang-Interns-2022/threeLayer/handler/book/book.go:55.27,58.3 2 1
Projects/GoLang-Interns-2022/threeLayer/handler/book/book.go:65.16,68.3 2 1
Projects/GoLang-Interns-2022/threeLayer/handler/book/book.go:70.16,72.3 1 0
Projects/GoLang-Interns-2022/threeLayer/handler/book/book.go:75.73,79.16 3 1
Projects/GoLang-Interns-2022/threeLayer/handler/book/book.go:84.2,85.16 2 1
Projects/GoLang-Interns-2022/threeLayer/handler/book/book.go:90.2,90.26 1 1
Projects/GoLang-Interns-2022/threeLayer/handler/book/book.go:95.2,98.16 3 1
Projects/GoLang-Interns-2022/threeLayer/handler/book/book.go:103.2,103.35 1 1
Projects/GoLang-Interns-2022/threeLayer/handler/book/book.go:79.16,82.3 2 0
Projects/GoLang-Interns-2022/threeLayer/handler/book/book.go:85.16,88.3 2 1
Projects/GoLang-Interns-2022/threeLayer/handler/book/book.go:90.26,93.3 2 1
Projects/GoLang-Interns-2022/threeLayer/handler/book/book.go:98.16,101.3 2 1
Projects/GoLang-Interns-2022/threeLayer/handler/book/book.go:106.72,110.27 3 1
Projects/GoLang-Interns-2022/threeLayer/handler/book/book.go:115.2,118.16 3 1
Projects/GoLang-Interns-2022/threeLayer/handler/book/book.go:123.2,124.16 2 1
Projects/GoLang-Interns-2022/threeLayer/handler/book/book.go:129.2,129.58 1 1
Projects/GoLang-Interns-2022/threeLayer/handler/book/book.go:134.2,137.16 3 1
Projects/GoLang-Interns-2022/threeLayer/handler/book/book.go:142.2,143.16 2 1
Projects/GoLang-Interns-2022/threeLayer/handler/book/book.go:147.2,147.36 1 1
Projects/GoLang-Interns-2022/threeLayer/handler/book/book.go:110.27,113.3 2 1
Projects/GoLang-Interns-2022/threeLayer/handler/book/book.go:118.16,121.3 2 0
Projects/GoLang-Interns-2022/threeLayer/handler/book/book.go:124.16,127.3 2 1
Projects/GoLang-Interns-2022/threeLayer/handler/book/book.go:129.58,132.3 2 1
Projects/GoLang-Interns-2022/threeLayer/handler/book/book.go:137.16,140.3 2 1
Projects/GoLang-Interns-2022/threeLayer/handler/book/book.go:143.16,145.3 1 0
Projects/GoLang-Interns-2022/threeLayer/handler/book/book.go:150.75,154.27 3 1
Projects/GoLang-Interns-2022/threeLayer/handler/book/book.go:159.2,162.16 3 1
Projects/GoLang-Interns-2022/threeLayer/handler/book/book.go:167.2,167.37 1 1
Projects/GoLang-Interns-2022/threeLayer/handler/book/book.go:154.27,157.3 2 1
Projects/GoLang-Interns-2022/threeLayer/handler/book/book.go:162.16,165.3 2 1
Projects/GoLang-Interns-2022/threeLayer/handler/book/book.go:170.40,174.9 3 1
Projects/GoLang-Interns-2022/threeLayer/handler/book/book.go:175.98,176.15 1 1
Projects/GoLang-Interns-2022/threeLayer/handler/book/book.go:177.21,178.15 1 1
Projects/GoLang-Interns-2022/threeLayer/handler/book/book.go:179.43,180.15 1 1
Projects/GoLang-Interns-2022/threeLayer/handler/book/book.go:181.21,182.15 1 1
Projects/GoLang-Interns-2022/threeLayer/handler/book/book.go:183.10,184.14 1 1
Projects/GoLang-Interns-2022/threeLayer/handler/book/book.go:188.48,189.97 1 1
Projects/GoLang-Interns-2022/threeLayer/handler/book/book.go:193.2,193.13 1 1
Projects/GoLang-Interns-2022/threeLayer/handler/book/book.go:189.97,191.3 1 1
Projects/GoLang-Interns-2022/threeLayer/handler/book/book.go:196.61,198.16 2 1
Projects/GoLang-Interns-2022/threeLayer/handler/book/book.go:203.2,204.16 2 1
Projects/GoLang-Interns-2022/threeLayer/handler/book/book.go:208.2,208.12 1 1
Projects/GoLang-Interns-2022/threeLayer/handler/book/book.go:198.16,201.3 2 0
Projects/GoLang-Interns-2022/threeLayer/handler/book/book.go:204.16,207.3 2 0
Projects/GoLang-Interns-2022/threeLayer/service/author/author.go:16.70,18.2 1 1
Projects/GoLang-Interns-2022/threeLayer/service/author/author.go:20.91,21.44 1 1
Projects/GoLang-Interns-2022/threeLayer/service/author/author.go:25.2,26.16 2 1
Projects/GoLang-Interns-2022/threeLayer/service/author/author.go:30.2,30.24 1 1
Projects/GoLang-Interns-2022/threeLayer/service/author/author.go:21.44,23.3 1 1
Projects/GoLang-Interns-2022/threeLayer/service/author/author.go:26.16,28.3 1 1
Projects/GoLang-Interns-2022/threeLayer/service/author/author.go:33.108,34.45 1 1
Projects/GoLang-Interns-2022/threeLayer/service/author/author.go:38.2,39.16 2 1
Projects/GoLang-Interns-2022/threeLayer/service/author/author.go:43.2,43.20 1 1
Projects/GoLang-Interns-2022/threeLayer/service/author/author.go:34.45,36.3 1 1
Projects/GoLang-Interns-2022/threeLayer/service/author/author.go:39.16,41.3 1 1
Projects/GoLang-Interns-2022/threeLayer/service/author/author.go:46.79,47.45 1 1
Projects/GoLang-Interns-2022/threeLayer/service/author/author.go:51.2,52.16 2 1
Projects/GoLang-Interns-2022/threeLayer/service/author/author.go:56.2,57.16 2 1
Projects/GoLang-Interns-2022/threeLayer/service/author/author.go:61.2,61.16 1 1
Projects/GoLang-Interns-2022/threeLayer/service/author/author.go:47.45,49.3 1 1
Projects/GoLang-Interns-2022/threeLayer/service/author/author.go:52.16,54.3 1 1
Projects/GoLang-Interns-2022/threeLayer/service/author/author.go:57.16,59.3 1 1
Projects/GoLang-Interns-2022/threeLayer/service/book/book.go:17.73,19.2 1 1
Projects/GoLang-Interns-2022/threeLayer/service/book/book.go:21.78,23.9 2 1
Projects/GoLang-Interns-2022/threeLayer/service/book/book.go:27.2,28.9 2 1
Projects/GoLang-Interns-2022/threeLayer/service/book/book.go:31.2,34.17 3 1
Projects/GoLang-Interns-2022/threeLayer/service/book/book.go:41.2,41.16 1 1
Projects/GoLang-Interns-2022/threeLayer/service/book/book.go:44.2,44.35 1 1
Projects/GoLang-Interns-2022/threeLayer/service/book/book.go:57.2,57.20 1 1
Projects/GoLang-Interns-2022/threeLayer/service/book/book.go:23.9,25.3 1 1
Projects/GoLang-Interns-2022/threeLayer/service/book/book.go:28.9,30.3 1 1
Projects/GoLang-Interns-2022/threeLayer/service/book/book.go:34.17,36.3 1 1
Projects/GoLang-Interns-2022/threeLayer/service/book/book.go:36.8,39.3 1 1
Projects/GoLang-Interns-2022/threeLayer/service/book/book.go:41.16,43.3 1 1
Projects/GoLang-Interns-2022/threeLayer/service/book/book.go:44.35,47.30 2 1
Projects/GoLang-Interns-2022/threeLayer/service/book/book.go:54.3,54.28 1 1
Projects/GoLang-Interns-2022/threeLayer/service/book/book.go:47.30,49.18 2 1
Projects/GoLang-Interns-2022/threeLayer/service/book/book.go:49.18,51.5 1 1
Projects/GoLang-Interns-2022/threeLayer/service/book/book.go:60.84,66.41 4 1
Projects/GoLang-Interns-2022/threeLayer/service/book/book.go:70.2,71.16 2 1
Projects/GoLang-Interns-2022/threeLayer/service/book/book.go:75.2,75.20 1 1
Projects/GoLang-Interns-2022/threeLayer/service/book/book.go:66.41,68.3 1 1
Projects/GoLang-Interns-2022/threeLayer/service/book/book.go:71.16,73.3 1 1
Projects/GoLang-Interns-2022/threeLayer/service/book/book.go:78.84,79.93 1 1
Projects/GoLang-Interns-2022/threeLayer/service/book/book.go:83.2,84.16 2 1
Projects/GoLang-Interns-2022/threeLayer/service/book/book.go:88.2,88.16 1 1
Projects/GoLang-Interns-2022/threeLayer/service/book/book.go:79.93,81.3 1 1
Projects/GoLang-Interns-2022/threeLayer/service/book/book.go:84.16,86.3 1 1
Projects/GoLang-Interns-2022/threeLayer/service/book/book.go:91.75,92.40 1 1
Projects/GoLang-Interns-2022/threeLayer/service/book/book.go:96.2,97.16 2 1
Projects/GoLang-Interns-2022/threeLayer/service/book/book.go:101.2,101.24 1 1
Projects/GoLang-Interns-2022/threeLayer/service/book/book.go:92.40,94.3 1 1
Projects/GoLang-Interns-2022/threeLayer/service/book/book.go:97.16,99.3 1 1
Projects/GoLang-Interns-2022/threeLayer/service/book/book.go:104.99,107.57 2 1
Projects/GoLang-Interns-2022/threeLayer/service/book/book.go:111.2,112.16 2 1
Projects/GoLang-Interns-2022/threeLayer/service/book/book.go:116.2,118.40 2 1
Projects/GoLang-Interns-2022/threeLayer/service/book/book.go:122.2,123.16 2 1
Projects/GoLang-Interns-2022/threeLayer/service/book/book.go:127.2,127.20 1 1
Projects/GoLang-Interns-2022/threeLayer/service/book/book.go:107.57,109.3 1 1
Projects/GoLang-Interns-2022/threeLayer/service/book/book.go:112.16,114.3 1 1
Projects/GoLang-Interns-2022/threeLayer/service/book/book.go:118.40,120.3 1 1
Projects/GoLang-Interns-2022/threeLayer/service/book/book.go:123.16,125.3 1 1
