mode: set
Projects/GoLang-Interns-2022/threeLayer/handler/author/author.go:18.47,20.2 1 1
Projects/GoLang-Interns-2022/threeLayer/handler/author/author.go:21.77,23.16 2 1
Projects/GoLang-Interns-2022/threeLayer/handler/author/author.go:28.2,31.16 3 1
Projects/GoLang-Interns-2022/threeLayer/handler/author/author.go:36.2,37.35 2 1
Projects/GoLang-Interns-2022/threeLayer/handler/author/author.go:42.2,43.16 2 1
Projects/GoLang-Interns-2022/threeLayer/handler/author/author.go:47.2,50.16 3 1
Projects/GoLang-Interns-2022/threeLayer/handler/author/author.go:23.16,26.3 2 0
Projects/GoLang-Interns-2022/threeLayer/handler/author/author.go:31.16,34.3 2 0
Projects/GoLang-Interns-2022/threeLayer/handler/author/author.go:37.35,40.3 2 1
Projects/GoLang-Interns-2022/threeLayer/handler/author/author.go:43.16,45.3 1 0
Projects/GoLang-Interns-2022/threeLayer/handler/author/author.go:50.16,52.3 1 0
Projects/GoLang-Interns-2022/threeLayer/handler/author/author.go:55.76,59.16 3 1
Projects/GoLang-Interns-2022/threeLayer/handler/author/author.go:64.2,65.16 2 1
Projects/GoLang-Interns-2022/threeLayer/handler/author/author.go:70.2,71.16 2 1
Projects/GoLang-Interns-2022/threeLayer/handler/author/author.go:76.2,77.16 2 1
Projects/GoLang-Interns-2022/threeLayer/handler/author/author.go:82.2,85.16 3 1
Projects/GoLang-Interns-2022/threeLayer/handler/author/author.go:59.16,62.3 2 0
Projects/GoLang-Interns-2022/threeLayer/handler/author/author.go:65.16,68.3 2 0
Projects/GoLang-Interns-2022/threeLayer/handler/author/author.go:71.16,74.3 2 1
Projects/GoLang-Interns-2022/threeLayer/handler/author/author.go:77.16,80.3 2 0
Projects/GoLang-Interns-2022/threeLayer/handler/author/author.go:85.16,88.3 2 0
Projects/GoLang-Interns-2022/threeLayer/handler/author/author.go:91.79,95.16 3 1
Projects/GoLang-Interns-2022/threeLayer/handler/author/author.go:100.2,101.16 2 1
Projects/GoLang-Interns-2022/threeLayer/handler/author/author.go:95.16,98.3 2 0
Projects/GoLang-Interns-2022/threeLayer/handler/author/author.go:101.16,104.3 2 1
Projects/GoLang-Interns-2022/threeLayer/datastore/book/book.go:14.32,16.2 1 1
Projects/GoLang-Interns-2022/threeLayer/datastore/book/book.go:18.64,25.17 4 1
Projects/GoLang-Interns-2022/threeLayer/datastore/book/book.go:31.2,31.16 1 1
Projects/GoLang-Interns-2022/threeLayer/datastore/book/book.go:35.2,35.20 1 1
Projects/GoLang-Interns-2022/threeLayer/datastore/book/book.go:46.2,46.20 1 1
Projects/GoLang-Interns-2022/threeLayer/datastore/book/book.go:25.17,27.3 1 1
Projects/GoLang-Interns-2022/threeLayer/datastore/book/book.go:27.8,29.3 1 1
Projects/GoLang-Interns-2022/threeLayer/datastore/book/book.go:31.16,33.3 1 0
Projects/GoLang-Interns-2022/threeLayer/datastore/book/book.go:35.20,39.17 3 1
Projects/GoLang-Interns-2022/threeLayer/datastore/book/book.go:43.3,43.32 1 1
Projects/GoLang-Interns-2022/threeLayer/datastore/book/book.go:39.17,41.4 1 0
Projects/GoLang-Interns-2022/threeLayer/datastore/book/book.go:48.57,52.16 3 1
Projects/GoLang-Interns-2022/threeLayer/datastore/book/book.go:56.2,56.19 1 1
Projects/GoLang-Interns-2022/threeLayer/datastore/book/book.go:67.2,67.44 1 1
Projects/GoLang-Interns-2022/threeLayer/datastore/book/book.go:52.16,54.3 1 0
Projects/GoLang-Interns-2022/threeLayer/datastore/book/book.go:56.19,60.17 3 1
Projects/GoLang-Interns-2022/threeLayer/datastore/book/book.go:64.3,64.16 1 1
Projects/GoLang-Interns-2022/threeLayer/datastore/book/book.go:60.17,62.4 1 0
Projects/GoLang-Interns-2022/threeLayer/datastore/book/book.go:69.61,71.33 2 1
Projects/GoLang-Interns-2022/threeLayer/datastore/book/book.go:75.2,76.16 2 0
Projects/GoLang-Interns-2022/threeLayer/datastore/book/book.go:80.2,82.21 2 0
Projects/GoLang-Interns-2022/threeLayer/datastore/book/book.go:71.33,73.3 1 1
Projects/GoLang-Interns-2022/threeLayer/datastore/book/book.go:76.16,78.3 1 0
Projects/GoLang-Interns-2022/threeLayer/datastore/book/book.go:84.52,88.31 3 1
Projects/GoLang-Interns-2022/threeLayer/datastore/book/book.go:92.2,93.16 2 0
Projects/GoLang-Interns-2022/threeLayer/datastore/book/book.go:97.2,98.16 2 0
Projects/GoLang-Interns-2022/threeLayer/datastore/book/book.go:102.2,102.22 1 0
Projects/GoLang-Interns-2022/threeLayer/datastore/book/book.go:88.31,90.3 1 1
Projects/GoLang-Interns-2022/threeLayer/datastore/book/book.go:93.16,95.3 1 0
Projects/GoLang-Interns-2022/threeLayer/datastore/book/book.go:98.16,100.3 1 0
Projects/GoLang-Interns-2022/threeLayer/datastore/book/book.go:104.68,107.30 2 1
Projects/GoLang-Interns-2022/threeLayer/datastore/book/book.go:111.2,112.16 2 1
Projects/GoLang-Interns-2022/threeLayer/datastore/book/book.go:116.2,116.19 1 1
Projects/GoLang-Interns-2022/threeLayer/datastore/book/book.go:107.30,109.3 1 1
Projects/GoLang-Interns-2022/threeLayer/datastore/book/book.go:112.16,114.3 1 0
Projects/GoLang-Interns-2022/threeLayer/datastore/book/book.go:119.46,121.31 2 1
Projects/GoLang-Interns-2022/threeLayer/datastore/book/book.go:125.2,125.13 1 1
Projects/GoLang-Interns-2022/threeLayer/datastore/book/book.go:121.31,123.3 1 1
Projects/GoLang-Interns-2022/threeLayer/datastore/book/book.go:127.65,131.16 3 0
Projects/GoLang-Interns-2022/threeLayer/datastore/book/book.go:135.2,135.22 1 0
Projects/GoLang-Interns-2022/threeLayer/datastore/book/book.go:142.2,142.20 1 0
Projects/GoLang-Interns-2022/threeLayer/datastore/book/book.go:131.16,133.3 1 0
Projects/GoLang-Interns-2022/threeLayer/datastore/book/book.go:135.22,137.17 2 0
Projects/GoLang-Interns-2022/threeLayer/datastore/book/book.go:137.17,139.4 1 0
Projects/GoLang-Interns-2022/threeLayer/datastore/book/book.go:144.66,148.16 3 0
Projects/GoLang-Interns-2022/threeLayer/datastore/book/book.go:152.2,152.19 1 0
Projects/GoLang-Interns-2022/threeLayer/datastore/book/book.go:165.2,165.47 1 0
Projects/GoLang-Interns-2022/threeLayer/datastore/book/book.go:148.16,150.3 1 0
Projects/GoLang-Interns-2022/threeLayer/datastore/book/book.go:152.19,158.17 4 0
Projects/GoLang-Interns-2022/threeLayer/datastore/book/book.go:162.3,162.26 1 0
Projects/GoLang-Interns-2022/threeLayer/datastore/book/book.go:158.17,160.4 1 0
Projects/GoLang-Interns-2022/threeLayer/datastore/book/book.go:168.55,170.16 2 0
Projects/GoLang-Interns-2022/threeLayer/datastore/book/book.go:174.2,174.12 1 0
Projects/GoLang-Interns-2022/threeLayer/datastore/book/book.go:170.16,172.3 1 0
Projects/GoLang-Interns-2022/threeLayer/datastore/author/author.go:14.68,16.31 2 1
Projects/GoLang-Interns-2022/threeLayer/datastore/author/author.go:30.2,32.16 2 1
Projects/GoLang-Interns-2022/threeLayer/datastore/author/author.go:39.2,39.16 1 1
Projects/GoLang-Interns-2022/threeLayer/datastore/author/author.go:16.31,18.17 2 0
Projects/GoLang-Interns-2022/threeLayer/datastore/author/author.go:22.3,23.17 2 0
Projects/GoLang-Interns-2022/threeLayer/datastore/author/author.go:27.3,27.22 1 0
Projects/GoLang-Interns-2022/threeLayer/datastore/author/author.go:18.17,20.4 1 0
Projects/GoLang-Interns-2022/threeLayer/datastore/author/author.go:23.17,25.4 1 0
Projects/GoLang-Interns-2022/threeLayer/datastore/author/author.go:32.16,34.17 2 0
Projects/GoLang-Interns-2022/threeLayer/datastore/author/author.go:34.17,36.4 1 0
Projects/GoLang-Interns-2022/threeLayer/datastore/author/author.go:42.77,44.31 2 1
Projects/GoLang-Interns-2022/threeLayer/datastore/author/author.go:48.2,49.16 2 1
Projects/GoLang-Interns-2022/threeLayer/datastore/author/author.go:53.2,53.20 1 1
Projects/GoLang-Interns-2022/threeLayer/datastore/author/author.go:44.31,46.3 1 1
Projects/GoLang-Interns-2022/threeLayer/datastore/author/author.go:49.16,51.3 1 0
Projects/GoLang-Interns-2022/threeLayer/datastore/author/author.go:56.34,60.2 1 1
Projects/GoLang-Interns-2022/threeLayer/datastore/author/author.go:62.56,64.16 2 1
Projects/GoLang-Interns-2022/threeLayer/datastore/author/author.go:68.2,69.16 2 1
Projects/GoLang-Interns-2022/threeLayer/datastore/author/author.go:73.2,73.27 1 1
Projects/GoLang-Interns-2022/threeLayer/datastore/author/author.go:64.16,66.3 1 0
Projects/GoLang-Interns-2022/threeLayer/datastore/author/author.go:69.16,71.3 1 0
Projects/GoLang-Interns-2022/threeLayer/datastore/author/author.go:76.67,78.16 2 0
Projects/GoLang-Interns-2022/threeLayer/datastore/author/author.go:82.2,84.22 2 0
Projects/GoLang-Interns-2022/threeLayer/datastore/author/author.go:91.2,91.20 1 0
Projects/GoLang-Interns-2022/threeLayer/datastore/author/author.go:78.16,80.3 1 0
Projects/GoLang-Interns-2022/threeLayer/datastore/author/author.go:84.22,86.17 2 0
Projects/GoLang-Interns-2022/threeLayer/datastore/author/author.go:86.17,88.4 1 0
Projects/GoLang-Interns-2022/threeLayer/handler/book/book.go:18.38,22.2 1 1
Projects/GoLang-Interns-2022/threeLayer/handler/book/book.go:24.71,33.16 4 1
Projects/GoLang-Interns-2022/threeLayer/handler/book/book.go:38.2,39.16 2 1
Projects/GoLang-Interns-2022/threeLayer/handler/book/book.go:44.2,45.16 2 1
Projects/GoLang-Interns-2022/threeLayer/handler/book/book.go:33.16,36.3 2 0
Projects/GoLang-Interns-2022/threeLayer/handler/book/book.go:39.16,42.3 2 0
Projects/GoLang-Interns-2022/threeLayer/handler/book/book.go:45.16,47.3 1 0
Projects/GoLang-Interns-2022/threeLayer/handler/book/book.go:50.72,54.16 3 1
Projects/GoLang-Interns-2022/threeLayer/handler/book/book.go:59.2,62.16 3 1
Projects/GoLang-Interns-2022/threeLayer/handler/book/book.go:67.2,68.16 2 1
Projects/GoLang-Interns-2022/threeLayer/handler/book/book.go:73.2,74.16 2 1
Projects/GoLang-Interns-2022/threeLayer/handler/book/book.go:54.16,57.3 2 0
Projects/GoLang-Interns-2022/threeLayer/handler/book/book.go:62.16,65.3 2 1
Projects/GoLang-Interns-2022/threeLayer/handler/book/book.go:68.16,71.3 2 0
Projects/GoLang-Interns-2022/threeLayer/handler/book/book.go:74.16,76.3 1 0
Projects/GoLang-Interns-2022/threeLayer/handler/book/book.go:79.73,83.16 3 1
Projects/GoLang-Interns-2022/threeLayer/handler/book/book.go:88.2,89.16 2 1
Projects/GoLang-Interns-2022/threeLayer/handler/book/book.go:94.2,95.39 2 1
Projects/GoLang-Interns-2022/threeLayer/handler/book/book.go:100.2,100.35 1 1
Projects/GoLang-Interns-2022/threeLayer/handler/book/book.go:83.16,86.3 2 0
Projects/GoLang-Interns-2022/threeLayer/handler/book/book.go:89.16,92.3 2 0
Projects/GoLang-Interns-2022/threeLayer/handler/book/book.go:95.39,98.3 2 1
Projects/GoLang-Interns-2022/threeLayer/handler/book/book.go:103.72,107.16 3 1
Projects/GoLang-Interns-2022/threeLayer/handler/book/book.go:112.2,113.16 2 1
Projects/GoLang-Interns-2022/threeLayer/handler/book/book.go:118.2,119.16 2 1
Projects/GoLang-Interns-2022/threeLayer/handler/book/book.go:124.2,125.16 2 1
Projects/GoLang-Interns-2022/threeLayer/handler/book/book.go:130.2,133.16 3 1
Projects/GoLang-Interns-2022/threeLayer/handler/book/book.go:107.16,110.3 2 0
Projects/GoLang-Interns-2022/threeLayer/handler/book/book.go:113.16,116.3 2 0
Projects/GoLang-Interns-2022/threeLayer/handler/book/book.go:119.16,122.3 2 1
Projects/GoLang-Interns-2022/threeLayer/handler/book/book.go:125.16,128.3 2 0
Projects/GoLang-Interns-2022/threeLayer/handler/book/book.go:133.16,136.3 2 0
Projects/GoLang-Interns-2022/threeLayer/handler/book/book.go:139.75,143.16 3 1
Projects/GoLang-Interns-2022/threeLayer/handler/book/book.go:148.2,149.34 2 1
Projects/GoLang-Interns-2022/threeLayer/handler/book/book.go:143.16,146.3 2 0
Projects/GoLang-Interns-2022/threeLayer/handler/book/book.go:149.34,152.3 2 1
Projects/GoLang-Interns-2022/threeLayer/service/author/author.go:14.70,16.2 1 1
Projects/GoLang-Interns-2022/threeLayer/service/author/author.go:18.70,19.29 1 1
Projects/GoLang-Interns-2022/threeLayer/service/author/author.go:23.2,24.35 2 1
Projects/GoLang-Interns-2022/threeLayer/service/author/author.go:28.2,28.24 1 1
Projects/GoLang-Interns-2022/threeLayer/service/author/author.go:19.29,21.3 1 1
Projects/GoLang-Interns-2022/threeLayer/service/author/author.go:24.35,26.3 1 1
Projects/GoLang-Interns-2022/threeLayer/service/author/author.go:31.79,34.47 2 1
Projects/GoLang-Interns-2022/threeLayer/service/author/author.go:38.2,39.16 2 1
Projects/GoLang-Interns-2022/threeLayer/service/author/author.go:43.2,43.20 1 1
Projects/GoLang-Interns-2022/threeLayer/service/author/author.go:34.47,36.3 1 1
Projects/GoLang-Interns-2022/threeLayer/service/author/author.go:39.16,41.3 1 1
Projects/GoLang-Interns-2022/threeLayer/service/author/author.go:46.58,47.13 1 1
Projects/GoLang-Interns-2022/threeLayer/service/author/author.go:51.2,52.16 2 1
Projects/GoLang-Interns-2022/threeLayer/service/author/author.go:56.2,57.16 2 1
Projects/GoLang-Interns-2022/threeLayer/service/author/author.go:61.2,61.16 1 1
Projects/GoLang-Interns-2022/threeLayer/service/author/author.go:47.13,49.3 1 1
Projects/GoLang-Interns-2022/threeLayer/service/author/author.go:52.16,54.3 1 1
Projects/GoLang-Interns-2022/threeLayer/service/author/author.go:57.16,59.3 1 1
Projects/GoLang-Interns-2022/threeLayer/service/author/author.go:64.48,65.97 1 1
Projects/GoLang-Interns-2022/threeLayer/service/author/author.go:69.2,69.13 1 1
Projects/GoLang-Interns-2022/threeLayer/service/author/author.go:65.97,67.3 1 1
Projects/GoLang-Interns-2022/threeLayer/service/book/book.go:15.73,17.2 1 1
Projects/GoLang-Interns-2022/threeLayer/service/book/book.go:19.78,26.16 5 1
Projects/GoLang-Interns-2022/threeLayer/service/book/book.go:30.2,30.35 1 1
Projects/GoLang-Interns-2022/threeLayer/service/book/book.go:43.2,43.20 1 1
Projects/GoLang-Interns-2022/threeLayer/service/book/book.go:26.16,28.3 1 0
Projects/GoLang-Interns-2022/threeLayer/service/book/book.go:30.35,33.30 2 1
Projects/GoLang-Interns-2022/threeLayer/service/book/book.go:40.3,40.28 1 1
Projects/GoLang-Interns-2022/threeLayer/service/book/book.go:33.30,35.18 2 1
Projects/GoLang-Interns-2022/threeLayer/service/book/book.go:35.18,37.5 1 0
Projects/GoLang-Interns-2022/threeLayer/service/book/book.go:46.59,51.13 3 1
Projects/GoLang-Interns-2022/threeLayer/service/book/book.go:55.2,56.41 2 1
Projects/GoLang-Interns-2022/threeLayer/service/book/book.go:60.2,61.16 2 1
Projects/GoLang-Interns-2022/threeLayer/service/book/book.go:65.2,65.20 1 1
Projects/GoLang-Interns-2022/threeLayer/service/book/book.go:51.13,53.3 1 1
Projects/GoLang-Interns-2022/threeLayer/service/book/book.go:56.41,58.3 1 0
Projects/GoLang-Interns-2022/threeLayer/service/book/book.go:61.16,63.3 1 0
Projects/GoLang-Interns-2022/threeLayer/service/book/book.go:68.63,69.57 1 1
Projects/GoLang-Interns-2022/threeLayer/service/book/book.go:73.2,74.35 2 1
Projects/GoLang-Interns-2022/threeLayer/service/book/book.go:78.2,81.16 3 1
Projects/GoLang-Interns-2022/threeLayer/service/book/book.go:85.2,85.24 1 1
Projects/GoLang-Interns-2022/threeLayer/service/book/book.go:69.57,71.3 1 1
Projects/GoLang-Interns-2022/threeLayer/service/book/book.go:74.35,76.3 1 0
Projects/GoLang-Interns-2022/threeLayer/service/book/book.go:81.16,83.3 1 0
Projects/GoLang-Interns-2022/threeLayer/service/book/book.go:88.54,89.13 1 1
Projects/GoLang-Interns-2022/threeLayer/service/book/book.go:93.2,94.34 2 1
Projects/GoLang-Interns-2022/threeLayer/service/book/book.go:98.2,98.23 1 1
Projects/GoLang-Interns-2022/threeLayer/service/book/book.go:89.13,91.3 1 1
Projects/GoLang-Interns-2022/threeLayer/service/book/book.go:94.34,96.3 1 0
Projects/GoLang-Interns-2022/threeLayer/service/book/book.go:101.70,104.57 2 1
Projects/GoLang-Interns-2022/threeLayer/service/book/book.go:108.2,109.16 2 1
Projects/GoLang-Interns-2022/threeLayer/service/book/book.go:113.2,114.16 2 1
Projects/GoLang-Interns-2022/threeLayer/service/book/book.go:118.2,118.20 1 1
Projects/GoLang-Interns-2022/threeLayer/service/book/book.go:104.57,106.3 1 1
Projects/GoLang-Interns-2022/threeLayer/service/book/book.go:109.16,111.3 1 0
Projects/GoLang-Interns-2022/threeLayer/service/book/book.go:114.16,116.3 1 0
Projects/GoLang-Interns-2022/threeLayer/service/book/book.go:121.40,125.9 3 1
Projects/GoLang-Interns-2022/threeLayer/service/book/book.go:126.98,127.15 1 1
Projects/GoLang-Interns-2022/threeLayer/service/book/book.go:128.21,129.15 1 0
Projects/GoLang-Interns-2022/threeLayer/service/book/book.go:130.43,131.15 1 0
Projects/GoLang-Interns-2022/threeLayer/service/book/book.go:132.21,133.15 1 0
Projects/GoLang-Interns-2022/threeLayer/service/book/book.go:134.10,135.14 1 1
Projects/GoLang-Interns-2022/threeLayer/service/book/book.go:139.48,140.97 1 1
Projects/GoLang-Interns-2022/threeLayer/service/book/book.go:144.2,144.13 1 1
Projects/GoLang-Interns-2022/threeLayer/service/book/book.go:140.97,142.3 1 0
