mode: set
Projects/GoLang-Interns-2022/threeLayer/handler/book/book.go:21.38,25.2 1 1
Projects/GoLang-Interns-2022/threeLayer/handler/book/book.go:30.76,36.16 5 1
Projects/GoLang-Interns-2022/threeLayer/handler/book/book.go:41.2,42.16 2 1
Projects/GoLang-Interns-2022/threeLayer/handler/book/book.go:47.2,48.16 2 1
Projects/GoLang-Interns-2022/threeLayer/handler/book/book.go:36.16,39.3 2 1
Projects/GoLang-Interns-2022/threeLayer/handler/book/book.go:42.16,45.3 2 0
Projects/GoLang-Interns-2022/threeLayer/handler/book/book.go:48.16,51.3 2 0
Projects/GoLang-Interns-2022/threeLayer/handler/book/book.go:54.76,58.27 3 1
Projects/GoLang-Interns-2022/threeLayer/handler/book/book.go:63.2,68.16 4 1
Projects/GoLang-Interns-2022/threeLayer/handler/book/book.go:73.2,74.16 2 1
Projects/GoLang-Interns-2022/threeLayer/handler/book/book.go:58.27,61.3 2 1
Projects/GoLang-Interns-2022/threeLayer/handler/book/book.go:68.16,71.3 2 1
Projects/GoLang-Interns-2022/threeLayer/handler/book/book.go:74.16,76.3 1 0
Projects/GoLang-Interns-2022/threeLayer/handler/book/book.go:79.73,83.16 3 1
Projects/GoLang-Interns-2022/threeLayer/handler/book/book.go:88.2,89.16 2 1
Projects/GoLang-Interns-2022/threeLayer/handler/book/book.go:94.2,94.26 1 1
Projects/GoLang-Interns-2022/threeLayer/handler/book/book.go:99.2,102.16 3 1
Projects/GoLang-Interns-2022/threeLayer/handler/book/book.go:107.2,107.35 1 1
Projects/GoLang-Interns-2022/threeLayer/handler/book/book.go:83.16,86.3 2 0
Projects/GoLang-Interns-2022/threeLayer/handler/book/book.go:89.16,92.3 2 1
Projects/GoLang-Interns-2022/threeLayer/handler/book/book.go:94.26,97.3 2 1
Projects/GoLang-Interns-2022/threeLayer/handler/book/book.go:102.16,105.3 2 1
Projects/GoLang-Interns-2022/threeLayer/handler/book/book.go:110.72,114.27 3 1
Projects/GoLang-Interns-2022/threeLayer/handler/book/book.go:119.2,122.16 3 1
Projects/GoLang-Interns-2022/threeLayer/handler/book/book.go:127.2,128.16 2 1
Projects/GoLang-Interns-2022/threeLayer/handler/book/book.go:133.2,133.58 1 1
Projects/GoLang-Interns-2022/threeLayer/handler/book/book.go:138.2,141.16 3 1
Projects/GoLang-Interns-2022/threeLayer/handler/book/book.go:146.2,147.16 2 1
Projects/GoLang-Interns-2022/threeLayer/handler/book/book.go:151.2,151.36 1 1
Projects/GoLang-Interns-2022/threeLayer/handler/book/book.go:114.27,117.3 2 1
Projects/GoLang-Interns-2022/threeLayer/handler/book/book.go:122.16,125.3 2 0
Projects/GoLang-Interns-2022/threeLayer/handler/book/book.go:128.16,131.3 2 1
Projects/GoLang-Interns-2022/threeLayer/handler/book/book.go:133.58,136.3 2 1
Projects/GoLang-Interns-2022/threeLayer/handler/book/book.go:141.16,144.3 2 1
Projects/GoLang-Interns-2022/threeLayer/handler/book/book.go:147.16,149.3 1 0
Projects/GoLang-Interns-2022/threeLayer/handler/book/book.go:154.75,158.27 3 1
Projects/GoLang-Interns-2022/threeLayer/handler/book/book.go:163.2,166.16 3 1
Projects/GoLang-Interns-2022/threeLayer/handler/book/book.go:171.2,171.37 1 1
Projects/GoLang-Interns-2022/threeLayer/handler/book/book.go:158.27,161.3 2 1
Projects/GoLang-Interns-2022/threeLayer/handler/book/book.go:166.16,169.3 2 1
Projects/GoLang-Interns-2022/threeLayer/handler/book/book.go:174.40,178.9 3 1
Projects/GoLang-Interns-2022/threeLayer/handler/book/book.go:179.98,180.15 1 1
Projects/GoLang-Interns-2022/threeLayer/handler/book/book.go:181.21,182.15 1 1
Projects/GoLang-Interns-2022/threeLayer/handler/book/book.go:183.43,184.15 1 1
Projects/GoLang-Interns-2022/threeLayer/handler/book/book.go:185.21,186.15 1 1
Projects/GoLang-Interns-2022/threeLayer/handler/book/book.go:187.10,188.14 1 1
Projects/GoLang-Interns-2022/threeLayer/handler/book/book.go:192.48,193.97 1 1
Projects/GoLang-Interns-2022/threeLayer/handler/book/book.go:197.2,197.13 1 1
Projects/GoLang-Interns-2022/threeLayer/handler/book/book.go:193.97,195.3 1 1
Projects/GoLang-Interns-2022/threeLayer/handler/book/book.go:200.62,202.16 2 1
Projects/GoLang-Interns-2022/threeLayer/handler/book/book.go:207.2,208.16 2 1
Projects/GoLang-Interns-2022/threeLayer/handler/book/book.go:213.2,213.12 1 1
Projects/GoLang-Interns-2022/threeLayer/handler/book/book.go:202.16,205.3 2 0
Projects/GoLang-Interns-2022/threeLayer/handler/book/book.go:208.16,211.3 2 0
