mode: set
Projects/GoLang-Interns-2022/threeLayer/handler/book/book.go:18.38,22.2 1 1
Projects/GoLang-Interns-2022/threeLayer/handler/book/book.go:24.71,33.16 4 1
Projects/GoLang-Interns-2022/threeLayer/handler/book/book.go:38.2,39.16 2 1
Projects/GoLang-Interns-2022/threeLayer/handler/book/book.go:44.2,45.16 2 1
Projects/GoLang-Interns-2022/threeLayer/handler/book/book.go:33.16,36.3 2 0
Projects/GoLang-Interns-2022/threeLayer/handler/book/book.go:39.16,42.3 2 0
Projects/GoLang-Interns-2022/threeLayer/handler/book/book.go:45.16,47.3 1 0
Projects/GoLang-Interns-2022/threeLayer/handler/book/book.go:50.72,54.16 3 1
Projects/GoLang-Interns-2022/threeLayer/handler/book/book.go:59.2,62.16 3 1
Projects/GoLang-Interns-2022/threeLayer/handler/book/book.go:67.2,68.16 2 1
Projects/GoLang-Interns-2022/threeLayer/handler/book/book.go:73.2,74.16 2 1
Projects/GoLang-Interns-2022/threeLayer/handler/book/book.go:54.16,57.3 2 0
Projects/GoLang-Interns-2022/threeLayer/handler/book/book.go:62.16,65.3 2 1
Projects/GoLang-Interns-2022/threeLayer/handler/book/book.go:68.16,71.3 2 0
Projects/GoLang-Interns-2022/threeLayer/handler/book/book.go:74.16,76.3 1 0
Projects/GoLang-Interns-2022/threeLayer/handler/book/book.go:79.73,85.16 4 1
Projects/GoLang-Interns-2022/threeLayer/handler/book/book.go:90.2,91.39 2 1
Projects/GoLang-Interns-2022/threeLayer/handler/book/book.go:96.2,96.35 1 1
Projects/GoLang-Interns-2022/threeLayer/handler/book/book.go:85.16,88.3 2 0
Projects/GoLang-Interns-2022/threeLayer/handler/book/book.go:91.39,94.3 2 1
Projects/GoLang-Interns-2022/threeLayer/handler/book/book.go:99.72,105.16 4 1
Projects/GoLang-Interns-2022/threeLayer/handler/book/book.go:110.2,111.16 2 1
Projects/GoLang-Interns-2022/threeLayer/handler/book/book.go:116.2,117.16 2 1
Projects/GoLang-Interns-2022/threeLayer/handler/book/book.go:122.2,125.16 3 1
Projects/GoLang-Interns-2022/threeLayer/handler/book/book.go:105.16,108.3 2 0
Projects/GoLang-Interns-2022/threeLayer/handler/book/book.go:111.16,114.3 2 1
Projects/GoLang-Interns-2022/threeLayer/handler/book/book.go:117.16,120.3 2 0
Projects/GoLang-Interns-2022/threeLayer/handler/book/book.go:125.16,128.3 2 0
Projects/GoLang-Interns-2022/threeLayer/handler/book/book.go:131.75,135.16 3 1
Projects/GoLang-Interns-2022/threeLayer/handler/book/book.go:140.2,141.34 2 1
Projects/GoLang-Interns-2022/threeLayer/handler/book/book.go:135.16,138.3 2 0
Projects/GoLang-Interns-2022/threeLayer/handler/book/book.go:141.34,144.3 2 1
