mode: set
Projects/GoLang-Interns-2022/threeLayer/handler/author/author.go:20.47,22.2 1 1
Projects/GoLang-Interns-2022/threeLayer/handler/author/author.go:24.77,26.16 2 1
Projects/GoLang-Interns-2022/threeLayer/handler/author/author.go:31.2,34.16 3 1
Projects/GoLang-Interns-2022/threeLayer/handler/author/author.go:39.2,39.29 1 1
Projects/GoLang-Interns-2022/threeLayer/handler/author/author.go:44.2,47.16 3 1
Projects/GoLang-Interns-2022/threeLayer/handler/author/author.go:52.2,52.35 1 1
Projects/GoLang-Interns-2022/threeLayer/handler/author/author.go:26.16,29.3 2 0
Projects/GoLang-Interns-2022/threeLayer/handler/author/author.go:34.16,37.3 2 1
Projects/GoLang-Interns-2022/threeLayer/handler/author/author.go:39.29,42.3 2 1
Projects/GoLang-Interns-2022/threeLayer/handler/author/author.go:47.16,50.3 2 1
Projects/GoLang-Interns-2022/threeLayer/handler/author/author.go:55.76,61.27 4 1
Projects/GoLang-Interns-2022/threeLayer/handler/author/author.go:66.2,69.16 3 1
Projects/GoLang-Interns-2022/threeLayer/handler/author/author.go:74.2,74.29 1 1
Projects/GoLang-Interns-2022/threeLayer/handler/author/author.go:79.2,82.16 3 1
Projects/GoLang-Interns-2022/threeLayer/handler/author/author.go:87.2,88.16 2 1
Projects/GoLang-Interns-2022/threeLayer/handler/author/author.go:93.2,96.16 3 1
Projects/GoLang-Interns-2022/threeLayer/handler/author/author.go:61.27,64.3 2 1
Projects/GoLang-Interns-2022/threeLayer/handler/author/author.go:69.16,72.3 2 1
Projects/GoLang-Interns-2022/threeLayer/handler/author/author.go:74.29,77.3 2 1
Projects/GoLang-Interns-2022/threeLayer/handler/author/author.go:82.16,85.3 2 1
Projects/GoLang-Interns-2022/threeLayer/handler/author/author.go:88.16,91.3 2 0
Projects/GoLang-Interns-2022/threeLayer/handler/author/author.go:96.16,98.3 1 0
Projects/GoLang-Interns-2022/threeLayer/handler/author/author.go:101.79,105.27 3 1
Projects/GoLang-Interns-2022/threeLayer/handler/author/author.go:110.2,113.16 3 1
Projects/GoLang-Interns-2022/threeLayer/handler/author/author.go:118.2,118.37 1 1
Projects/GoLang-Interns-2022/threeLayer/handler/author/author.go:105.27,108.3 2 1
Projects/GoLang-Interns-2022/threeLayer/handler/author/author.go:113.16,116.3 2 1
Projects/GoLang-Interns-2022/threeLayer/handler/author/author.go:121.48,122.97 1 1
Projects/GoLang-Interns-2022/threeLayer/handler/author/author.go:126.2,126.13 1 1
Projects/GoLang-Interns-2022/threeLayer/handler/author/author.go:122.97,124.3 1 1
