mode: set
Projects/GoLang-Interns-2022/threeLayer/handler/author/author.go:19.47,21.2 1 1
Projects/GoLang-Interns-2022/threeLayer/handler/author/author.go:23.77,29.16 4 1
Projects/GoLang-Interns-2022/threeLayer/handler/author/author.go:34.2,35.16 2 1
Projects/GoLang-Interns-2022/threeLayer/handler/author/author.go:40.2,40.35 1 1
Projects/GoLang-Interns-2022/threeLayer/handler/author/author.go:29.16,32.3 2 0
Projects/GoLang-Interns-2022/threeLayer/handler/author/author.go:35.16,38.3 2 1
Projects/GoLang-Interns-2022/threeLayer/handler/author/author.go:43.76,49.27 4 1
Projects/GoLang-Interns-2022/threeLayer/handler/author/author.go:54.2,57.16 3 1
Projects/GoLang-Interns-2022/threeLayer/handler/author/author.go:62.2,63.16 2 1
Projects/GoLang-Interns-2022/threeLayer/handler/author/author.go:68.2,69.16 2 1
Projects/GoLang-Interns-2022/threeLayer/handler/author/author.go:74.2,76.22 2 1
Projects/GoLang-Interns-2022/threeLayer/handler/author/author.go:49.27,52.3 2 1
Projects/GoLang-Interns-2022/threeLayer/handler/author/author.go:57.16,60.3 2 0
Projects/GoLang-Interns-2022/threeLayer/handler/author/author.go:63.16,66.3 2 1
Projects/GoLang-Interns-2022/threeLayer/handler/author/author.go:69.16,72.3 2 0
Projects/GoLang-Interns-2022/threeLayer/handler/author/author.go:79.79,83.27 3 1
Projects/GoLang-Interns-2022/threeLayer/handler/author/author.go:88.2,89.16 2 1
Projects/GoLang-Interns-2022/threeLayer/handler/author/author.go:94.2,94.37 1 1
Projects/GoLang-Interns-2022/threeLayer/handler/author/author.go:83.27,86.3 2 1
Projects/GoLang-Interns-2022/threeLayer/handler/author/author.go:89.16,92.3 2 1
