mode: set
Projects/GoLang-Interns-2022/threeLayer/datastore/book/book.go:16.32,18.2 1 1
Projects/GoLang-Interns-2022/threeLayer/datastore/book/book.go:21.97,25.16 3 1
Projects/GoLang-Interns-2022/threeLayer/datastore/book/book.go:29.2,29.20 1 1
Projects/GoLang-Interns-2022/threeLayer/datastore/book/book.go:40.2,40.20 1 1
Projects/GoLang-Interns-2022/threeLayer/datastore/book/book.go:25.16,27.3 1 1
Projects/GoLang-Interns-2022/threeLayer/datastore/book/book.go:29.20,33.17 3 1
Projects/GoLang-Interns-2022/threeLayer/datastore/book/book.go:37.3,37.32 1 1
Projects/GoLang-Interns-2022/threeLayer/datastore/book/book.go:33.17,35.4 1 1
Projects/GoLang-Interns-2022/threeLayer/datastore/book/book.go:44.76,48.16 3 1
Projects/GoLang-Interns-2022/threeLayer/datastore/book/book.go:52.2,52.20 1 1
Projects/GoLang-Interns-2022/threeLayer/datastore/book/book.go:63.2,63.20 1 1
Projects/GoLang-Interns-2022/threeLayer/datastore/book/book.go:48.16,50.3 1 1
Projects/GoLang-Interns-2022/threeLayer/datastore/book/book.go:52.20,56.17 3 1
Projects/GoLang-Interns-2022/threeLayer/datastore/book/book.go:60.3,60.32 1 1
Projects/GoLang-Interns-2022/threeLayer/datastore/book/book.go:56.17,58.4 1 1
Projects/GoLang-Interns-2022/threeLayer/datastore/book/book.go:67.82,71.16 3 1
Projects/GoLang-Interns-2022/threeLayer/datastore/book/book.go:75.2,75.19 1 1
Projects/GoLang-Interns-2022/threeLayer/datastore/book/book.go:86.2,86.44 1 1
Projects/GoLang-Interns-2022/threeLayer/datastore/book/book.go:71.16,73.3 1 1
Projects/GoLang-Interns-2022/threeLayer/datastore/book/book.go:75.19,79.17 3 1
Projects/GoLang-Interns-2022/threeLayer/datastore/book/book.go:83.3,83.16 1 1
Projects/GoLang-Interns-2022/threeLayer/datastore/book/book.go:79.17,81.4 1 1
Projects/GoLang-Interns-2022/threeLayer/datastore/book/book.go:90.82,92.16 2 1
Projects/GoLang-Interns-2022/threeLayer/datastore/book/book.go:96.2,97.16 2 1
Projects/GoLang-Interns-2022/threeLayer/datastore/book/book.go:101.2,101.21 1 1
Projects/GoLang-Interns-2022/threeLayer/datastore/book/book.go:92.16,94.3 1 1
Projects/GoLang-Interns-2022/threeLayer/datastore/book/book.go:97.16,99.3 1 1
Projects/GoLang-Interns-2022/threeLayer/datastore/book/book.go:105.73,107.16 2 1
Projects/GoLang-Interns-2022/threeLayer/datastore/book/book.go:111.2,112.16 2 1
Projects/GoLang-Interns-2022/threeLayer/datastore/book/book.go:116.2,116.20 1 1
Projects/GoLang-Interns-2022/threeLayer/datastore/book/book.go:107.16,109.3 1 1
Projects/GoLang-Interns-2022/threeLayer/datastore/book/book.go:112.16,114.3 1 1
Projects/GoLang-Interns-2022/threeLayer/datastore/book/book.go:120.97,122.16 2 1
Projects/GoLang-Interns-2022/threeLayer/datastore/book/book.go:126.2,126.19 1 1
Projects/GoLang-Interns-2022/threeLayer/datastore/book/book.go:122.16,124.3 1 1
Projects/GoLang-Interns-2022/threeLayer/datastore/book/book.go:130.76,132.16 2 1
Projects/GoLang-Interns-2022/threeLayer/datastore/book/book.go:136.2,136.12 1 1
Projects/GoLang-Interns-2022/threeLayer/datastore/book/book.go:132.16,134.3 1 1
Projects/GoLang-Interns-2022/threeLayer/datastore/book/book.go:140.75,142.34 2 1
Projects/GoLang-Interns-2022/threeLayer/datastore/book/book.go:146.2,146.13 1 1
Projects/GoLang-Interns-2022/threeLayer/datastore/book/book.go:142.34,144.3 1 1
Projects/GoLang-Interns-2022/threeLayer/datastore/book/book.go:150.67,152.31 2 1
Projects/GoLang-Interns-2022/threeLayer/datastore/book/book.go:156.2,156.13 1 1
Projects/GoLang-Interns-2022/threeLayer/datastore/book/book.go:152.31,154.3 1 1
Projects/GoLang-Interns-2022/threeLayer/datastore/author/author.go:15.34,19.2 1 1
Projects/GoLang-Interns-2022/threeLayer/datastore/author/author.go:22.89,24.16 2 1
Projects/GoLang-Interns-2022/threeLayer/datastore/author/author.go:28.2,29.16 2 1
Projects/GoLang-Interns-2022/threeLayer/datastore/author/author.go:33.2,33.21 1 1
Projects/GoLang-Interns-2022/threeLayer/datastore/author/author.go:24.16,26.3 1 1
Projects/GoLang-Interns-2022/threeLayer/datastore/author/author.go:29.16,31.3 1 1
Projects/GoLang-Interns-2022/threeLayer/datastore/author/author.go:37.106,39.16 2 1
Projects/GoLang-Interns-2022/threeLayer/datastore/author/author.go:43.2,43.20 1 1
Projects/GoLang-Interns-2022/threeLayer/datastore/author/author.go:39.16,41.3 1 1
Projects/GoLang-Interns-2022/threeLayer/datastore/author/author.go:47.77,49.16 2 1
Projects/GoLang-Interns-2022/threeLayer/datastore/author/author.go:53.2,54.16 2 1
Projects/GoLang-Interns-2022/threeLayer/datastore/author/author.go:58.2,58.27 1 1
Projects/GoLang-Interns-2022/threeLayer/datastore/author/author.go:49.16,51.3 1 1
Projects/GoLang-Interns-2022/threeLayer/datastore/author/author.go:54.16,56.3 1 1
Projects/GoLang-Interns-2022/threeLayer/datastore/author/author.go:62.88,64.16 2 1
Projects/GoLang-Interns-2022/threeLayer/datastore/author/author.go:68.2,70.22 2 1
Projects/GoLang-Interns-2022/threeLayer/datastore/author/author.go:77.2,77.20 1 1
Projects/GoLang-Interns-2022/threeLayer/datastore/author/author.go:64.16,66.3 1 1
Projects/GoLang-Interns-2022/threeLayer/datastore/author/author.go:70.22,72.17 2 1
Projects/GoLang-Interns-2022/threeLayer/datastore/author/author.go:72.17,74.4 1 1
Projects/GoLang-Interns-2022/threeLayer/datastore/author/author.go:81.82,83.31 2 1
Projects/GoLang-Interns-2022/threeLayer/datastore/author/author.go:87.2,87.13 1 1
Projects/GoLang-Interns-2022/threeLayer/datastore/author/author.go:83.31,85.3 1 1
Projects/GoLang-Interns-2022/threeLayer/datastore/author/author.go:91.72,93.31 2 1
Projects/GoLang-Interns-2022/threeLayer/datastore/author/author.go:97.2,97.13 1 1
Projects/GoLang-Interns-2022/threeLayer/datastore/author/author.go:93.31,95.3 1 1
