mode: set
Projects/GoLang-Interns-2022/threeLayer/datastore/author/author.go:15.34,19.2 1 1
Projects/GoLang-Interns-2022/threeLayer/datastore/author/author.go:21.89,23.16 2 1
Projects/GoLang-Interns-2022/threeLayer/datastore/author/author.go:27.2,28.16 2 1
Projects/GoLang-Interns-2022/threeLayer/datastore/author/author.go:32.2,32.21 1 1
Projects/GoLang-Interns-2022/threeLayer/datastore/author/author.go:23.16,25.3 1 1
Projects/GoLang-Interns-2022/threeLayer/datastore/author/author.go:28.16,30.3 1 1
Projects/GoLang-Interns-2022/threeLayer/datastore/author/author.go:36.106,38.16 2 1
Projects/GoLang-Interns-2022/threeLayer/datastore/author/author.go:42.2,42.20 1 1
Projects/GoLang-Interns-2022/threeLayer/datastore/author/author.go:38.16,40.3 1 1
Projects/GoLang-Interns-2022/threeLayer/datastore/author/author.go:45.77,47.16 2 1
Projects/GoLang-Interns-2022/threeLayer/datastore/author/author.go:51.2,52.16 2 1
Projects/GoLang-Interns-2022/threeLayer/datastore/author/author.go:56.2,56.27 1 1
Projects/GoLang-Interns-2022/threeLayer/datastore/author/author.go:47.16,49.3 1 1
Projects/GoLang-Interns-2022/threeLayer/datastore/author/author.go:52.16,54.3 1 1
Projects/GoLang-Interns-2022/threeLayer/datastore/author/author.go:59.88,61.16 2 1
Projects/GoLang-Interns-2022/threeLayer/datastore/author/author.go:65.2,67.22 2 1
Projects/GoLang-Interns-2022/threeLayer/datastore/author/author.go:74.2,74.20 1 1
Projects/GoLang-Interns-2022/threeLayer/datastore/author/author.go:61.16,63.3 1 1
Projects/GoLang-Interns-2022/threeLayer/datastore/author/author.go:67.22,69.17 2 1
Projects/GoLang-Interns-2022/threeLayer/datastore/author/author.go:69.17,71.4 1 1
Projects/GoLang-Interns-2022/threeLayer/datastore/author/author.go:77.82,79.31 2 1
Projects/GoLang-Interns-2022/threeLayer/datastore/author/author.go:83.2,83.13 1 1
Projects/GoLang-Interns-2022/threeLayer/datastore/author/author.go:79.31,81.3 1 1
Projects/GoLang-Interns-2022/threeLayer/datastore/author/author.go:86.72,88.31 2 1
Projects/GoLang-Interns-2022/threeLayer/datastore/author/author.go:92.2,92.13 1 1
Projects/GoLang-Interns-2022/threeLayer/datastore/author/author.go:88.31,90.3 1 1
Projects/GoLang-Interns-2022/threeLayer/datastore/book/book.go:16.32,18.2 1 1
Projects/GoLang-Interns-2022/threeLayer/datastore/book/book.go:20.90,27.17 4 1
Projects/GoLang-Interns-2022/threeLayer/datastore/book/book.go:33.2,33.16 1 1
Projects/GoLang-Interns-2022/threeLayer/datastore/book/book.go:37.2,37.20 1 1
Projects/GoLang-Interns-2022/threeLayer/datastore/book/book.go:48.2,48.20 1 1
Projects/GoLang-Interns-2022/threeLayer/datastore/book/book.go:27.17,29.3 1 1
Projects/GoLang-Interns-2022/threeLayer/datastore/book/book.go:29.8,31.3 1 1
Projects/GoLang-Interns-2022/threeLayer/datastore/book/book.go:33.16,35.3 1 1
Projects/GoLang-Interns-2022/threeLayer/datastore/book/book.go:37.20,41.17 3 1
Projects/GoLang-Interns-2022/threeLayer/datastore/book/book.go:45.3,45.32 1 1
Projects/GoLang-Interns-2022/threeLayer/datastore/book/book.go:41.17,43.4 1 1
Projects/GoLang-Interns-2022/threeLayer/datastore/book/book.go:51.82,55.16 3 1
Projects/GoLang-Interns-2022/threeLayer/datastore/book/book.go:59.2,59.19 1 1
Projects/GoLang-Interns-2022/threeLayer/datastore/book/book.go:70.2,70.44 1 1
Projects/GoLang-Interns-2022/threeLayer/datastore/book/book.go:55.16,57.3 1 1
Projects/GoLang-Interns-2022/threeLayer/datastore/book/book.go:59.19,63.17 3 1
Projects/GoLang-Interns-2022/threeLayer/datastore/book/book.go:67.3,67.16 1 1
Projects/GoLang-Interns-2022/threeLayer/datastore/book/book.go:63.17,65.4 1 1
Projects/GoLang-Interns-2022/threeLayer/datastore/book/book.go:73.82,75.16 2 1
Projects/GoLang-Interns-2022/threeLayer/datastore/book/book.go:79.2,80.16 2 1
Projects/GoLang-Interns-2022/threeLayer/datastore/book/book.go:84.2,84.21 1 1
Projects/GoLang-Interns-2022/threeLayer/datastore/book/book.go:75.16,77.3 1 1
Projects/GoLang-Interns-2022/threeLayer/datastore/book/book.go:80.16,82.3 1 1
Projects/GoLang-Interns-2022/threeLayer/datastore/book/book.go:87.73,89.16 2 1
Projects/GoLang-Interns-2022/threeLayer/datastore/book/book.go:93.2,94.16 2 1
Projects/GoLang-Interns-2022/threeLayer/datastore/book/book.go:98.2,98.20 1 1
Projects/GoLang-Interns-2022/threeLayer/datastore/book/book.go:89.16,91.3 1 1
Projects/GoLang-Interns-2022/threeLayer/datastore/book/book.go:94.16,96.3 1 1
Projects/GoLang-Interns-2022/threeLayer/datastore/book/book.go:101.97,103.16 2 1
Projects/GoLang-Interns-2022/threeLayer/datastore/book/book.go:107.2,107.19 1 1
Projects/GoLang-Interns-2022/threeLayer/datastore/book/book.go:103.16,105.3 1 1
Projects/GoLang-Interns-2022/threeLayer/datastore/book/book.go:110.76,112.16 2 1
Projects/GoLang-Interns-2022/threeLayer/datastore/book/book.go:116.2,116.12 1 1
Projects/GoLang-Interns-2022/threeLayer/datastore/book/book.go:112.16,114.3 1 1
Projects/GoLang-Interns-2022/threeLayer/datastore/book/book.go:119.75,121.34 2 1
Projects/GoLang-Interns-2022/threeLayer/datastore/book/book.go:125.2,125.13 1 1
Projects/GoLang-Interns-2022/threeLayer/datastore/book/book.go:121.34,123.3 1 1
Projects/GoLang-Interns-2022/threeLayer/datastore/book/book.go:128.67,130.31 2 1
Projects/GoLang-Interns-2022/threeLayer/datastore/book/book.go:134.2,134.13 1 1
Projects/GoLang-Interns-2022/threeLayer/datastore/book/book.go:130.31,132.3 1 1
